#-----------------------------------------------------------
# Webtalk v2018.3 (64-bit)
# SW Build 2405991 on Thu Dec  6 23:36:41 MST 2018
# 
# Start of session at: Mon Jul 13 17:15:59 2020
# Process ID: 15425
# Current directory: /media/hdd/FIFO_XADCdma/sdk7/webtalk
# Command line: wbtcv -mode batch -source sdk_webtalk.tcl
# Log file: /media/hdd/FIFO_XADCdma/sdk7/webtalk/webtalk.log
# Journal file: /media/hdd/FIFO_XADCdma/sdk7/webtalk/webtalk.jou
#-----------------------------------------------------------
source sdk_webtalk.tcl
# webtalk_init -webtalk_dir /media/hdd/FIFO_XADCdma/sdk7/webtalk
# webtalk_register_client -client project
# webtalk_add_data -client project -key date_generated -value "2020-07-13 17:15:59" -context "software_version_and_target_device"
# webtalk_add_data -client project -key product_version -value "SDK v2018.3" -context "software_version_and_target_device"
# webtalk_add_data -client project -key build_version -value "2018.3" -context "software_version_and_target_device"
# webtalk_add_data -client project -key os_platform -value "amd64" -context "software_version_and_target_device"
# webtalk_add_data -client project -key registration_id -value "" -context "software_version_and_target_device"
# webtalk_add_data -client project -key tool_flow -value "SDK" -context "software_version_and_target_device"
# webtalk_add_data -client project -key beta -value "false" -context "software_version_and_target_device"
# webtalk_add_data -client project -key route_design -value "NA" -context "software_version_and_target_device"
# webtalk_add_data -client project -key target_family -value "NA" -context "software_version_and_target_device"
# webtalk_add_data -client project -key target_device -value "NA" -context "software_version_and_target_device"
# webtalk_add_data -client project -key target_package -value "NA" -context "software_version_and_target_device"
# webtalk_add_data -client project -key target_speed -value "NA" -context "software_version_and_target_device"
# webtalk_add_data -client project -key random_id -value "o8b4t6nov3m8p932l94a8tmof4" -context "software_version_and_target_device"
# webtalk_add_data -client project -key project_id -value "2018.3_51" -context "software_version_and_target_device"
# webtalk_add_data -client project -key project_iteration -value "51" -context "software_version_and_target_device"
# webtalk_add_data -client project -key os_name -value "Ubuntu" -context "user_environment"
# webtalk_add_data -client project -key os_release -value "Ubuntu 18.04.4 LTS" -context "user_environment"
# webtalk_add_data -client project -key cpu_name -value "Intel(R) Core(TM) i5-2500K CPU @ 3.30GHz" -context "user_environment"
# webtalk_add_data -client project -key cpu_speed -value "3282.960 MHz" -context "user_environment"
# webtalk_add_data -client project -key total_processors -value "1" -context "user_environment"
# webtalk_add_data -client project -key system_ram -value "16.794 GB" -context "user_environment"
# webtalk_register_client -client sdk
# webtalk_add_data -client sdk -key uid -value "1594667857000" -context "sdk\\\\hardware/1594667857000"
# webtalk_add_data -client sdk -key isZynq -value "true" -context "sdk\\\\hardware/1594667857000"
# webtalk_add_data -client sdk -key isZynqMP -value "false" -context "sdk\\\\hardware/1594667857000"
# webtalk_add_data -client sdk -key Processors -value "2" -context "sdk\\\\hardware/1594667857000"
# webtalk_add_data -client sdk -key VivadoVersion -value "2018.3" -context "sdk\\\\hardware/1594667857000"
# webtalk_add_data -client sdk -key Arch -value "zynq" -context "sdk\\\\hardware/1594667857000"
# webtalk_add_data -client sdk -key Device -value "7z020" -context "sdk\\\\hardware/1594667857000"
# webtalk_add_data -client sdk -key IsHandoff -value "true" -context "sdk\\\\hardware/1594667857000"
# webtalk_add_data -client sdk -key os -value "NA" -context "sdk\\\\hardware/1594667857000"
# webtalk_add_data -client sdk -key apptemplate -value "NA" -context "sdk\\\\hardware/1594667857000"
# webtalk_add_data -client sdk -key RecordType -value "HWCreation" -context "sdk\\\\hardware/1594667857000"
# webtalk_add_data -client sdk -key uid -value "1594667874000" -context "sdk\\\\bsp/1594667874000"
# webtalk_add_data -client sdk -key hwid -value "1594667857000" -context "sdk\\\\bsp/1594667874000"
# webtalk_add_data -client sdk -key os -value "standalone" -context "sdk\\\\bsp/1594667874000"
# webtalk_add_data -client sdk -key apptemplate -value "hello_world" -context "sdk\\\\bsp/1594667874000"
# webtalk_add_data -client sdk -key RecordType -value "BSPCreation" -context "sdk\\\\bsp/1594667874000"
# webtalk_add_data -client sdk -key uid -value "1594667875000" -context "sdk\\\\application/1594667875000"
# webtalk_add_data -client sdk -key hwid -value "1594667857000" -context "sdk\\\\application/1594667875000"
# webtalk_add_data -client sdk -key bspid -value "1594667874000" -context "sdk\\\\application/1594667875000"
# webtalk_add_data -client sdk -key newbsp -value "true" -context "sdk\\\\application/1594667875000"
# webtalk_add_data -client sdk -key os -value "standalone" -context "sdk\\\\application/1594667875000"
# webtalk_add_data -client sdk -key apptemplate -value "hello_world" -context "sdk\\\\application/1594667875000"
# webtalk_add_data -client sdk -key RecordType -value "APPCreation" -context "sdk\\\\application/1594667875000"
# webtalk_add_data -client sdk -key LangUsed -value "C" -context "sdk\\\\application/1594667875000"
# webtalk_add_data -client sdk -key Procused -value "ps7_cortexa9" -context "sdk\\\\application/1594667875000"
# webtalk_add_data -client sdk -key projSize -value "461.11328125" -context "sdk\\\\application/1594667875000"
# webtalk_add_data -client sdk -key uid -value "NA" -context "sdk\\\\bsp/1594678558992"
# webtalk_add_data -client sdk -key RecordType -value "ToolUsage" -context "sdk\\\\bsp/1594678558992"
# webtalk_add_data -client sdk -key BootgenCount -value "0" -context "sdk\\\\bsp/1594678558992"
# webtalk_add_data -client sdk -key DebugCount -value "24" -context "sdk\\\\bsp/1594678558992"
# webtalk_add_data -client sdk -key PerfCount -value "0" -context "sdk\\\\bsp/1594678558992"
# webtalk_add_data -client sdk -key FlashCount -value "0" -context "sdk\\\\bsp/1594678558992"
# webtalk_add_data -client sdk -key CrossTriggCount -value "0" -context "sdk\\\\bsp/1594678558992"
# webtalk_add_data -client sdk -key QemuDebugCount -value "0" -context "sdk\\\\bsp/1594678558992"
# webtalk_transmit -clientid 900165429 -regid "" -xml /media/hdd/FIFO_XADCdma/sdk7/webtalk/usage_statistics_ext_sdk.xml -html /media/hdd/FIFO_XADCdma/sdk7/webtalk/usage_statistics_ext_sdk.html -wdm /media/hdd/FIFO_XADCdma/sdk7/webtalk/sdk_webtalk.wdm -intro "<H3>SDK Usage Report</H3><BR>"
# webtalk_terminate
INFO: [Common 17-206] Exiting Webtalk at Mon Jul 13 17:16:00 2020...
