14:17:31 INFO  : Registering command handlers for SDK TCF services
14:17:32 INFO  : Launching XSCT server: xsct -n -interactive /media/hdd/FIFO_XADCdma/sdk7/temp_xsdb_launch_script.tcl
14:17:34 INFO  : XSCT server has started successfully.
14:17:34 INFO  : Successfully done setting XSCT server connection channel  
14:17:34 INFO  : Processing command line option -hwspec /media/hdd/FIFO_XADCdma/sdk7/design_1_wrapper.hdf.
14:17:34 INFO  : Successfully done setting SDK workspace  
14:19:56 INFO  : Connected to target on host '127.0.0.1' and port '3121'.
14:19:57 INFO  : 'targets -set -filter {jtag_cable_name =~ "Xilinx PYNQ-Z1 003017AD402DA" && level==0} -index 1' command is executed.
14:19:59 INFO  : FPGA configured successfully with bitstream "/media/hdd/FIFO_XADCdma/sdk7/design_1_wrapper_hw_platform_0/design_1_wrapper.bit"
14:20:06 INFO  : 'targets -set -filter {jtag_cable_name =~ "Xilinx PYNQ-Z1 003017AD402DA" && level==0} -index 1' command is executed.
14:20:06 INFO  : 'fpga -state' command is executed.
14:20:06 INFO  : Connected to target on host '127.0.0.1' and port '3121'.
14:20:06 INFO  : Jtag cable 'Xilinx PYNQ-Z1 003017AD402DA' is selected.
14:20:06 INFO  : 'jtag frequency' command is executed.
14:20:06 INFO  : Sourcing of '/media/hdd/FIFO_XADCdma/sdk7/design_1_wrapper_hw_platform_0/ps7_init.tcl' is done.
14:20:06 INFO  : Context for 'APU' is selected.
14:20:06 INFO  : Hardware design information is loaded from '/media/hdd/FIFO_XADCdma/sdk7/design_1_wrapper_hw_platform_0/system.hdf'.
14:20:06 INFO  : 'configparams force-mem-access 1' command is executed.
14:20:06 INFO  : Context for 'APU' is selected.
14:20:06 INFO  : 'stop' command is executed.
14:20:06 INFO  : 'ps7_init' command is executed.
14:20:06 INFO  : 'ps7_post_config' command is executed.
14:20:06 INFO  : Context for processor 'ps7_cortexa9_0' is selected.
14:20:06 INFO  : Processor reset is completed for 'ps7_cortexa9_0'.
14:20:06 INFO  : Context for processor 'ps7_cortexa9_0' is selected.
14:20:07 INFO  : The application '/media/hdd/FIFO_XADCdma/sdk7/xadc_test/Debug/xadc_test.elf' is downloaded to processor 'ps7_cortexa9_0'.
14:20:07 INFO  : 'configparams force-mem-access 0' command is executed.
14:20:07 INFO  : ----------------XSDB Script----------------
connect -url tcp:127.0.0.1:3121
source /media/hdd/FIFO_XADCdma/sdk7/design_1_wrapper_hw_platform_0/ps7_init.tcl
targets -set -nocase -filter {name =~"APU*" && jtag_cable_name =~ "Xilinx PYNQ-Z1 003017AD402DA"} -index 0
loadhw -hw /media/hdd/FIFO_XADCdma/sdk7/design_1_wrapper_hw_platform_0/system.hdf -mem-ranges [list {0x40000000 0xbfffffff}]
configparams force-mem-access 1
targets -set -nocase -filter {name =~"APU*" && jtag_cable_name =~ "Xilinx PYNQ-Z1 003017AD402DA"} -index 0
stop
ps7_init
ps7_post_config
targets -set -nocase -filter {name =~ "ARM*#0" && jtag_cable_name =~ "Xilinx PYNQ-Z1 003017AD402DA"} -index 0
rst -processor
targets -set -nocase -filter {name =~ "ARM*#0" && jtag_cable_name =~ "Xilinx PYNQ-Z1 003017AD402DA"} -index 0
dow /media/hdd/FIFO_XADCdma/sdk7/xadc_test/Debug/xadc_test.elf
configparams force-mem-access 0
----------------End of Script----------------

14:20:07 INFO  : Memory regions updated for context APU
14:20:07 INFO  : Context for processor 'ps7_cortexa9_0' is selected.
14:20:07 INFO  : 'con' command is executed.
14:20:07 INFO  : ----------------XSDB Script (After Launch)----------------
targets -set -nocase -filter {name =~ "ARM*#0" && jtag_cable_name =~ "Xilinx PYNQ-Z1 003017AD402DA"} -index 0
con
----------------End of Script----------------

14:20:07 INFO  : Launch script is exported to file '/media/hdd/FIFO_XADCdma/sdk7/.sdk/launch_scripts/xilinx_c-c++_application_(system_debugger)/system_debugger_using_debug_xadc_test.elf_on_local.tcl'
14:20:30 INFO  : Disconnected from the channel tcfchan#1.
14:20:31 INFO  : 'targets -set -filter {jtag_cable_name =~ "Xilinx PYNQ-Z1 003017AD402DA" && level==0} -index 1' command is executed.
14:20:31 INFO  : 'fpga -state' command is executed.
14:20:35 INFO  : Memory regions updated for context APU
14:20:36 INFO  : 'targets -set -filter {jtag_cable_name =~ "Xilinx PYNQ-Z1 003017AD402DA" && level==0} -index 1' command is executed.
14:20:36 INFO  : 'fpga -state' command is executed.
14:20:38 INFO  : Memory regions updated for context APU
14:20:42 INFO  : Connected to target on host '127.0.0.1' and port '3121'.
14:20:42 INFO  : 'targets -set -filter {jtag_cable_name =~ "Xilinx PYNQ-Z1 003017AD402DA" && level==0} -index 1' command is executed.
14:20:44 INFO  : FPGA configured successfully with bitstream "/media/hdd/FIFO_XADCdma/sdk7/design_1_wrapper_hw_platform_0/design_1_wrapper.bit"
14:20:48 INFO  : 'targets -set -filter {jtag_cable_name =~ "Xilinx PYNQ-Z1 003017AD402DA" && level==0} -index 1' command is executed.
14:20:48 INFO  : 'fpga -state' command is executed.
14:20:48 INFO  : Connected to target on host '127.0.0.1' and port '3121'.
14:20:49 INFO  : Jtag cable 'Xilinx PYNQ-Z1 003017AD402DA' is selected.
14:20:49 INFO  : 'jtag frequency' command is executed.
14:20:49 INFO  : Sourcing of '/media/hdd/FIFO_XADCdma/sdk7/design_1_wrapper_hw_platform_0/ps7_init.tcl' is done.
14:20:49 INFO  : Context for 'APU' is selected.
14:20:49 INFO  : Hardware design information is loaded from '/media/hdd/FIFO_XADCdma/sdk7/design_1_wrapper_hw_platform_0/system.hdf'.
14:20:49 INFO  : 'configparams force-mem-access 1' command is executed.
14:20:49 INFO  : Context for 'APU' is selected.
14:20:49 INFO  : 'stop' command is executed.
14:20:49 INFO  : 'ps7_init' command is executed.
14:20:49 INFO  : 'ps7_post_config' command is executed.
14:20:49 INFO  : Context for processor 'ps7_cortexa9_0' is selected.
14:20:49 INFO  : Processor reset is completed for 'ps7_cortexa9_0'.
14:20:49 INFO  : Context for processor 'ps7_cortexa9_0' is selected.
14:20:49 INFO  : The application '/media/hdd/FIFO_XADCdma/sdk7/xadc_test/Debug/xadc_test.elf' is downloaded to processor 'ps7_cortexa9_0'.
14:20:49 INFO  : 'configparams force-mem-access 0' command is executed.
14:20:49 INFO  : ----------------XSDB Script----------------
connect -url tcp:127.0.0.1:3121
source /media/hdd/FIFO_XADCdma/sdk7/design_1_wrapper_hw_platform_0/ps7_init.tcl
targets -set -nocase -filter {name =~"APU*" && jtag_cable_name =~ "Xilinx PYNQ-Z1 003017AD402DA"} -index 0
loadhw -hw /media/hdd/FIFO_XADCdma/sdk7/design_1_wrapper_hw_platform_0/system.hdf -mem-ranges [list {0x40000000 0xbfffffff}]
configparams force-mem-access 1
targets -set -nocase -filter {name =~"APU*" && jtag_cable_name =~ "Xilinx PYNQ-Z1 003017AD402DA"} -index 0
stop
ps7_init
ps7_post_config
targets -set -nocase -filter {name =~ "ARM*#0" && jtag_cable_name =~ "Xilinx PYNQ-Z1 003017AD402DA"} -index 0
rst -processor
targets -set -nocase -filter {name =~ "ARM*#0" && jtag_cable_name =~ "Xilinx PYNQ-Z1 003017AD402DA"} -index 0
dow /media/hdd/FIFO_XADCdma/sdk7/xadc_test/Debug/xadc_test.elf
configparams force-mem-access 0
----------------End of Script----------------

14:20:49 INFO  : Memory regions updated for context APU
14:20:50 INFO  : Context for processor 'ps7_cortexa9_0' is selected.
14:20:50 INFO  : 'con' command is executed.
14:20:50 INFO  : ----------------XSDB Script (After Launch)----------------
targets -set -nocase -filter {name =~ "ARM*#0" && jtag_cable_name =~ "Xilinx PYNQ-Z1 003017AD402DA"} -index 0
con
----------------End of Script----------------

14:20:50 INFO  : Launch script is exported to file '/media/hdd/FIFO_XADCdma/sdk7/.sdk/launch_scripts/xilinx_c-c++_application_(system_debugger)/system_debugger_using_debug_xadc_test.elf_on_local.tcl'
14:21:18 INFO  : Disconnected from the channel tcfchan#2.
14:21:19 INFO  : 'targets -set -filter {jtag_cable_name =~ "Xilinx PYNQ-Z1 003017AD402DA" && level==0} -index 1' command is executed.
14:21:19 INFO  : 'fpga -state' command is executed.
14:21:19 INFO  : Connected to target on host '127.0.0.1' and port '3121'.
14:21:19 INFO  : Jtag cable 'Xilinx PYNQ-Z1 003017AD402DA' is selected.
14:21:19 INFO  : 'jtag frequency' command is executed.
14:21:19 INFO  : Sourcing of '/media/hdd/FIFO_XADCdma/sdk7/design_1_wrapper_hw_platform_0/ps7_init.tcl' is done.
14:21:19 INFO  : Context for 'APU' is selected.
14:21:21 INFO  : Hardware design information is loaded from '/media/hdd/FIFO_XADCdma/sdk7/design_1_wrapper_hw_platform_0/system.hdf'.
14:21:21 INFO  : 'configparams force-mem-access 1' command is executed.
14:21:21 INFO  : Context for 'APU' is selected.
14:21:21 INFO  : 'stop' command is executed.
14:21:21 INFO  : 'ps7_init' command is executed.
14:21:21 INFO  : 'ps7_post_config' command is executed.
14:21:21 INFO  : Context for processor 'ps7_cortexa9_0' is selected.
14:21:21 INFO  : Processor reset is completed for 'ps7_cortexa9_0'.
14:21:21 INFO  : Context for processor 'ps7_cortexa9_0' is selected.
14:21:21 INFO  : The application '/media/hdd/FIFO_XADCdma/sdk7/xadc_test/Debug/xadc_test.elf' is downloaded to processor 'ps7_cortexa9_0'.
14:21:21 INFO  : 'configparams force-mem-access 0' command is executed.
14:21:21 INFO  : ----------------XSDB Script----------------
connect -url tcp:127.0.0.1:3121
source /media/hdd/FIFO_XADCdma/sdk7/design_1_wrapper_hw_platform_0/ps7_init.tcl
targets -set -nocase -filter {name =~"APU*" && jtag_cable_name =~ "Xilinx PYNQ-Z1 003017AD402DA"} -index 0
loadhw -hw /media/hdd/FIFO_XADCdma/sdk7/design_1_wrapper_hw_platform_0/system.hdf -mem-ranges [list {0x40000000 0xbfffffff}]
configparams force-mem-access 1
targets -set -nocase -filter {name =~"APU*" && jtag_cable_name =~ "Xilinx PYNQ-Z1 003017AD402DA"} -index 0
stop
ps7_init
ps7_post_config
targets -set -nocase -filter {name =~ "ARM*#0" && jtag_cable_name =~ "Xilinx PYNQ-Z1 003017AD402DA"} -index 0
rst -processor
targets -set -nocase -filter {name =~ "ARM*#0" && jtag_cable_name =~ "Xilinx PYNQ-Z1 003017AD402DA"} -index 0
dow /media/hdd/FIFO_XADCdma/sdk7/xadc_test/Debug/xadc_test.elf
configparams force-mem-access 0
----------------End of Script----------------

14:21:21 INFO  : Memory regions updated for context APU
14:21:21 INFO  : Context for processor 'ps7_cortexa9_0' is selected.
14:21:21 INFO  : 'con' command is executed.
14:21:21 INFO  : ----------------XSDB Script (After Launch)----------------
targets -set -nocase -filter {name =~ "ARM*#0" && jtag_cable_name =~ "Xilinx PYNQ-Z1 003017AD402DA"} -index 0
con
----------------End of Script----------------

14:21:21 INFO  : Launch script is exported to file '/media/hdd/FIFO_XADCdma/sdk7/.sdk/launch_scripts/xilinx_c-c++_application_(system_debugger)/system_debugger_using_debug_xadc_test.elf_on_local.tcl'
14:22:00 INFO  : Disconnected from the channel tcfchan#3.
14:22:01 INFO  : 'targets -set -filter {jtag_cable_name =~ "Xilinx PYNQ-Z1 003017AD402DA" && level==0} -index 1' command is executed.
14:22:01 INFO  : 'fpga -state' command is executed.
14:22:01 INFO  : Connected to target on host '127.0.0.1' and port '3121'.
14:22:02 INFO  : Jtag cable 'Xilinx PYNQ-Z1 003017AD402DA' is selected.
14:22:02 INFO  : 'jtag frequency' command is executed.
14:22:02 INFO  : Sourcing of '/media/hdd/FIFO_XADCdma/sdk7/design_1_wrapper_hw_platform_0/ps7_init.tcl' is done.
14:22:02 INFO  : Context for 'APU' is selected.
14:22:03 INFO  : Hardware design information is loaded from '/media/hdd/FIFO_XADCdma/sdk7/design_1_wrapper_hw_platform_0/system.hdf'.
14:22:03 INFO  : 'configparams force-mem-access 1' command is executed.
14:22:03 INFO  : Context for 'APU' is selected.
14:22:03 INFO  : 'stop' command is executed.
14:22:04 INFO  : 'ps7_init' command is executed.
14:22:04 INFO  : 'ps7_post_config' command is executed.
14:22:04 INFO  : Context for processor 'ps7_cortexa9_0' is selected.
14:22:04 INFO  : Processor reset is completed for 'ps7_cortexa9_0'.
14:22:04 INFO  : Context for processor 'ps7_cortexa9_0' is selected.
14:22:04 INFO  : The application '/media/hdd/FIFO_XADCdma/sdk7/xadc_test/Debug/xadc_test.elf' is downloaded to processor 'ps7_cortexa9_0'.
14:22:04 INFO  : 'configparams force-mem-access 0' command is executed.
14:22:04 INFO  : ----------------XSDB Script----------------
connect -url tcp:127.0.0.1:3121
source /media/hdd/FIFO_XADCdma/sdk7/design_1_wrapper_hw_platform_0/ps7_init.tcl
targets -set -nocase -filter {name =~"APU*" && jtag_cable_name =~ "Xilinx PYNQ-Z1 003017AD402DA"} -index 0
loadhw -hw /media/hdd/FIFO_XADCdma/sdk7/design_1_wrapper_hw_platform_0/system.hdf -mem-ranges [list {0x40000000 0xbfffffff}]
configparams force-mem-access 1
targets -set -nocase -filter {name =~"APU*" && jtag_cable_name =~ "Xilinx PYNQ-Z1 003017AD402DA"} -index 0
stop
ps7_init
ps7_post_config
targets -set -nocase -filter {name =~ "ARM*#0" && jtag_cable_name =~ "Xilinx PYNQ-Z1 003017AD402DA"} -index 0
rst -processor
targets -set -nocase -filter {name =~ "ARM*#0" && jtag_cable_name =~ "Xilinx PYNQ-Z1 003017AD402DA"} -index 0
dow /media/hdd/FIFO_XADCdma/sdk7/xadc_test/Debug/xadc_test.elf
configparams force-mem-access 0
----------------End of Script----------------

14:22:04 INFO  : Memory regions updated for context APU
14:22:04 INFO  : Context for processor 'ps7_cortexa9_0' is selected.
14:22:04 INFO  : 'con' command is executed.
14:22:04 INFO  : ----------------XSDB Script (After Launch)----------------
targets -set -nocase -filter {name =~ "ARM*#0" && jtag_cable_name =~ "Xilinx PYNQ-Z1 003017AD402DA"} -index 0
con
----------------End of Script----------------

14:22:04 INFO  : Launch script is exported to file '/media/hdd/FIFO_XADCdma/sdk7/.sdk/launch_scripts/xilinx_c-c++_application_(system_debugger)/system_debugger_using_debug_xadc_test.elf_on_local.tcl'
14:22:20 INFO  : Disconnected from the channel tcfchan#4.
14:22:21 INFO  : 'targets -set -filter {jtag_cable_name =~ "Xilinx PYNQ-Z1 003017AD402DA" && level==0} -index 1' command is executed.
14:22:21 INFO  : 'fpga -state' command is executed.
14:22:21 INFO  : Connected to target on host '127.0.0.1' and port '3121'.
14:22:21 INFO  : Jtag cable 'Xilinx PYNQ-Z1 003017AD402DA' is selected.
14:22:21 INFO  : 'jtag frequency' command is executed.
14:22:21 INFO  : Sourcing of '/media/hdd/FIFO_XADCdma/sdk7/design_1_wrapper_hw_platform_0/ps7_init.tcl' is done.
14:22:21 INFO  : Context for 'APU' is selected.
14:22:22 INFO  : Hardware design information is loaded from '/media/hdd/FIFO_XADCdma/sdk7/design_1_wrapper_hw_platform_0/system.hdf'.
14:22:22 INFO  : 'configparams force-mem-access 1' command is executed.
14:22:22 INFO  : Context for 'APU' is selected.
14:22:22 INFO  : 'stop' command is executed.
14:22:23 INFO  : 'ps7_init' command is executed.
14:22:23 INFO  : 'ps7_post_config' command is executed.
14:22:23 INFO  : Context for processor 'ps7_cortexa9_0' is selected.
14:22:23 INFO  : Processor reset is completed for 'ps7_cortexa9_0'.
14:22:23 INFO  : Context for processor 'ps7_cortexa9_0' is selected.
14:22:23 INFO  : The application '/media/hdd/FIFO_XADCdma/sdk7/xadc_test/Debug/xadc_test.elf' is downloaded to processor 'ps7_cortexa9_0'.
14:22:23 INFO  : 'configparams force-mem-access 0' command is executed.
14:22:23 INFO  : ----------------XSDB Script----------------
connect -url tcp:127.0.0.1:3121
source /media/hdd/FIFO_XADCdma/sdk7/design_1_wrapper_hw_platform_0/ps7_init.tcl
targets -set -nocase -filter {name =~"APU*" && jtag_cable_name =~ "Xilinx PYNQ-Z1 003017AD402DA"} -index 0
loadhw -hw /media/hdd/FIFO_XADCdma/sdk7/design_1_wrapper_hw_platform_0/system.hdf -mem-ranges [list {0x40000000 0xbfffffff}]
configparams force-mem-access 1
targets -set -nocase -filter {name =~"APU*" && jtag_cable_name =~ "Xilinx PYNQ-Z1 003017AD402DA"} -index 0
stop
ps7_init
ps7_post_config
targets -set -nocase -filter {name =~ "ARM*#0" && jtag_cable_name =~ "Xilinx PYNQ-Z1 003017AD402DA"} -index 0
rst -processor
targets -set -nocase -filter {name =~ "ARM*#0" && jtag_cable_name =~ "Xilinx PYNQ-Z1 003017AD402DA"} -index 0
dow /media/hdd/FIFO_XADCdma/sdk7/xadc_test/Debug/xadc_test.elf
configparams force-mem-access 0
----------------End of Script----------------

14:22:23 INFO  : Memory regions updated for context APU
14:22:23 INFO  : Context for processor 'ps7_cortexa9_0' is selected.
14:22:23 INFO  : 'con' command is executed.
14:22:23 INFO  : ----------------XSDB Script (After Launch)----------------
targets -set -nocase -filter {name =~ "ARM*#0" && jtag_cable_name =~ "Xilinx PYNQ-Z1 003017AD402DA"} -index 0
con
----------------End of Script----------------

14:22:23 INFO  : Launch script is exported to file '/media/hdd/FIFO_XADCdma/sdk7/.sdk/launch_scripts/xilinx_c-c++_application_(system_debugger)/system_debugger_using_debug_xadc_test.elf_on_local.tcl'
14:22:40 INFO  : Disconnected from the channel tcfchan#5.
14:22:41 INFO  : 'targets -set -filter {jtag_cable_name =~ "Xilinx PYNQ-Z1 003017AD402DA" && level==0} -index 1' command is executed.
14:22:41 INFO  : 'fpga -state' command is executed.
14:22:41 INFO  : Connected to target on host '127.0.0.1' and port '3121'.
14:22:41 INFO  : Jtag cable 'Xilinx PYNQ-Z1 003017AD402DA' is selected.
14:22:41 INFO  : 'jtag frequency' command is executed.
14:22:41 INFO  : Sourcing of '/media/hdd/FIFO_XADCdma/sdk7/design_1_wrapper_hw_platform_0/ps7_init.tcl' is done.
14:22:41 INFO  : Context for 'APU' is selected.
14:22:42 INFO  : Hardware design information is loaded from '/media/hdd/FIFO_XADCdma/sdk7/design_1_wrapper_hw_platform_0/system.hdf'.
14:22:42 INFO  : 'configparams force-mem-access 1' command is executed.
14:22:42 INFO  : Context for 'APU' is selected.
14:22:42 INFO  : 'stop' command is executed.
14:22:43 INFO  : 'ps7_init' command is executed.
14:22:43 INFO  : 'ps7_post_config' command is executed.
14:22:43 INFO  : Context for processor 'ps7_cortexa9_0' is selected.
14:22:43 INFO  : Processor reset is completed for 'ps7_cortexa9_0'.
14:22:43 INFO  : Context for processor 'ps7_cortexa9_0' is selected.
14:22:43 INFO  : The application '/media/hdd/FIFO_XADCdma/sdk7/xadc_test/Debug/xadc_test.elf' is downloaded to processor 'ps7_cortexa9_0'.
14:22:43 INFO  : 'configparams force-mem-access 0' command is executed.
14:22:43 INFO  : ----------------XSDB Script----------------
connect -url tcp:127.0.0.1:3121
source /media/hdd/FIFO_XADCdma/sdk7/design_1_wrapper_hw_platform_0/ps7_init.tcl
targets -set -nocase -filter {name =~"APU*" && jtag_cable_name =~ "Xilinx PYNQ-Z1 003017AD402DA"} -index 0
loadhw -hw /media/hdd/FIFO_XADCdma/sdk7/design_1_wrapper_hw_platform_0/system.hdf -mem-ranges [list {0x40000000 0xbfffffff}]
configparams force-mem-access 1
targets -set -nocase -filter {name =~"APU*" && jtag_cable_name =~ "Xilinx PYNQ-Z1 003017AD402DA"} -index 0
stop
ps7_init
ps7_post_config
targets -set -nocase -filter {name =~ "ARM*#0" && jtag_cable_name =~ "Xilinx PYNQ-Z1 003017AD402DA"} -index 0
rst -processor
targets -set -nocase -filter {name =~ "ARM*#0" && jtag_cable_name =~ "Xilinx PYNQ-Z1 003017AD402DA"} -index 0
dow /media/hdd/FIFO_XADCdma/sdk7/xadc_test/Debug/xadc_test.elf
configparams force-mem-access 0
----------------End of Script----------------

14:22:43 INFO  : Memory regions updated for context APU
14:22:43 INFO  : Context for processor 'ps7_cortexa9_0' is selected.
14:22:43 INFO  : 'con' command is executed.
14:22:43 INFO  : ----------------XSDB Script (After Launch)----------------
targets -set -nocase -filter {name =~ "ARM*#0" && jtag_cable_name =~ "Xilinx PYNQ-Z1 003017AD402DA"} -index 0
con
----------------End of Script----------------

14:22:43 INFO  : Launch script is exported to file '/media/hdd/FIFO_XADCdma/sdk7/.sdk/launch_scripts/xilinx_c-c++_application_(system_debugger)/system_debugger_using_debug_xadc_test.elf_on_local.tcl'
14:23:17 INFO  : Disconnected from the channel tcfchan#6.
14:23:18 INFO  : 'targets -set -filter {jtag_cable_name =~ "Xilinx PYNQ-Z1 003017AD402DA" && level==0} -index 1' command is executed.
14:23:18 INFO  : 'fpga -state' command is executed.
14:23:18 INFO  : Connected to target on host '127.0.0.1' and port '3121'.
14:23:19 INFO  : Jtag cable 'Xilinx PYNQ-Z1 003017AD402DA' is selected.
14:23:19 INFO  : 'jtag frequency' command is executed.
14:23:19 INFO  : Sourcing of '/media/hdd/FIFO_XADCdma/sdk7/design_1_wrapper_hw_platform_0/ps7_init.tcl' is done.
14:23:19 INFO  : Context for 'APU' is selected.
14:23:20 INFO  : Hardware design information is loaded from '/media/hdd/FIFO_XADCdma/sdk7/design_1_wrapper_hw_platform_0/system.hdf'.
14:23:20 INFO  : 'configparams force-mem-access 1' command is executed.
14:23:20 INFO  : Context for 'APU' is selected.
14:23:20 INFO  : 'stop' command is executed.
14:23:20 INFO  : 'ps7_init' command is executed.
14:23:21 INFO  : 'ps7_post_config' command is executed.
14:23:21 INFO  : Context for processor 'ps7_cortexa9_0' is selected.
14:23:21 INFO  : Processor reset is completed for 'ps7_cortexa9_0'.
14:23:21 INFO  : Context for processor 'ps7_cortexa9_0' is selected.
14:23:21 INFO  : The application '/media/hdd/FIFO_XADCdma/sdk7/xadc_test/Debug/xadc_test.elf' is downloaded to processor 'ps7_cortexa9_0'.
14:23:21 INFO  : 'configparams force-mem-access 0' command is executed.
14:23:21 INFO  : ----------------XSDB Script----------------
connect -url tcp:127.0.0.1:3121
source /media/hdd/FIFO_XADCdma/sdk7/design_1_wrapper_hw_platform_0/ps7_init.tcl
targets -set -nocase -filter {name =~"APU*" && jtag_cable_name =~ "Xilinx PYNQ-Z1 003017AD402DA"} -index 0
loadhw -hw /media/hdd/FIFO_XADCdma/sdk7/design_1_wrapper_hw_platform_0/system.hdf -mem-ranges [list {0x40000000 0xbfffffff}]
configparams force-mem-access 1
targets -set -nocase -filter {name =~"APU*" && jtag_cable_name =~ "Xilinx PYNQ-Z1 003017AD402DA"} -index 0
stop
ps7_init
ps7_post_config
targets -set -nocase -filter {name =~ "ARM*#0" && jtag_cable_name =~ "Xilinx PYNQ-Z1 003017AD402DA"} -index 0
rst -processor
targets -set -nocase -filter {name =~ "ARM*#0" && jtag_cable_name =~ "Xilinx PYNQ-Z1 003017AD402DA"} -index 0
dow /media/hdd/FIFO_XADCdma/sdk7/xadc_test/Debug/xadc_test.elf
configparams force-mem-access 0
----------------End of Script----------------

14:23:21 INFO  : Memory regions updated for context APU
14:23:21 INFO  : Context for processor 'ps7_cortexa9_0' is selected.
14:23:21 INFO  : 'con' command is executed.
14:23:21 INFO  : ----------------XSDB Script (After Launch)----------------
targets -set -nocase -filter {name =~ "ARM*#0" && jtag_cable_name =~ "Xilinx PYNQ-Z1 003017AD402DA"} -index 0
con
----------------End of Script----------------

14:23:21 INFO  : Launch script is exported to file '/media/hdd/FIFO_XADCdma/sdk7/.sdk/launch_scripts/xilinx_c-c++_application_(system_debugger)/system_debugger_using_debug_xadc_test.elf_on_local.tcl'
14:23:38 INFO  : Disconnected from the channel tcfchan#7.
14:23:39 INFO  : 'targets -set -filter {jtag_cable_name =~ "Xilinx PYNQ-Z1 003017AD402DA" && level==0} -index 1' command is executed.
14:23:39 INFO  : 'fpga -state' command is executed.
14:23:39 INFO  : Connected to target on host '127.0.0.1' and port '3121'.
14:23:39 INFO  : Jtag cable 'Xilinx PYNQ-Z1 003017AD402DA' is selected.
14:23:39 INFO  : 'jtag frequency' command is executed.
14:23:39 INFO  : Sourcing of '/media/hdd/FIFO_XADCdma/sdk7/design_1_wrapper_hw_platform_0/ps7_init.tcl' is done.
14:23:39 INFO  : Context for 'APU' is selected.
14:23:41 INFO  : Hardware design information is loaded from '/media/hdd/FIFO_XADCdma/sdk7/design_1_wrapper_hw_platform_0/system.hdf'.
14:23:41 INFO  : 'configparams force-mem-access 1' command is executed.
14:23:41 INFO  : Context for 'APU' is selected.
14:23:41 INFO  : 'stop' command is executed.
14:23:41 INFO  : 'ps7_init' command is executed.
14:23:41 INFO  : 'ps7_post_config' command is executed.
14:23:41 INFO  : Context for processor 'ps7_cortexa9_0' is selected.
14:23:41 INFO  : Processor reset is completed for 'ps7_cortexa9_0'.
14:23:41 INFO  : Context for processor 'ps7_cortexa9_0' is selected.
14:23:41 INFO  : The application '/media/hdd/FIFO_XADCdma/sdk7/xadc_test/Debug/xadc_test.elf' is downloaded to processor 'ps7_cortexa9_0'.
14:23:41 INFO  : 'configparams force-mem-access 0' command is executed.
14:23:41 INFO  : ----------------XSDB Script----------------
connect -url tcp:127.0.0.1:3121
source /media/hdd/FIFO_XADCdma/sdk7/design_1_wrapper_hw_platform_0/ps7_init.tcl
targets -set -nocase -filter {name =~"APU*" && jtag_cable_name =~ "Xilinx PYNQ-Z1 003017AD402DA"} -index 0
loadhw -hw /media/hdd/FIFO_XADCdma/sdk7/design_1_wrapper_hw_platform_0/system.hdf -mem-ranges [list {0x40000000 0xbfffffff}]
configparams force-mem-access 1
targets -set -nocase -filter {name =~"APU*" && jtag_cable_name =~ "Xilinx PYNQ-Z1 003017AD402DA"} -index 0
stop
ps7_init
ps7_post_config
targets -set -nocase -filter {name =~ "ARM*#0" && jtag_cable_name =~ "Xilinx PYNQ-Z1 003017AD402DA"} -index 0
rst -processor
targets -set -nocase -filter {name =~ "ARM*#0" && jtag_cable_name =~ "Xilinx PYNQ-Z1 003017AD402DA"} -index 0
dow /media/hdd/FIFO_XADCdma/sdk7/xadc_test/Debug/xadc_test.elf
configparams force-mem-access 0
----------------End of Script----------------

14:23:41 INFO  : Memory regions updated for context APU
14:23:42 INFO  : Context for processor 'ps7_cortexa9_0' is selected.
14:23:42 INFO  : 'con' command is executed.
14:23:42 INFO  : ----------------XSDB Script (After Launch)----------------
targets -set -nocase -filter {name =~ "ARM*#0" && jtag_cable_name =~ "Xilinx PYNQ-Z1 003017AD402DA"} -index 0
con
----------------End of Script----------------

14:23:42 INFO  : Launch script is exported to file '/media/hdd/FIFO_XADCdma/sdk7/.sdk/launch_scripts/xilinx_c-c++_application_(system_debugger)/system_debugger_using_debug_xadc_test.elf_on_local.tcl'
14:23:54 INFO  : Disconnected from the channel tcfchan#8.
14:23:55 INFO  : 'targets -set -filter {jtag_cable_name =~ "Xilinx PYNQ-Z1 003017AD402DA" && level==0} -index 1' command is executed.
14:23:55 INFO  : 'fpga -state' command is executed.
14:23:55 INFO  : Connected to target on host '127.0.0.1' and port '3121'.
14:23:55 INFO  : Jtag cable 'Xilinx PYNQ-Z1 003017AD402DA' is selected.
14:23:55 INFO  : 'jtag frequency' command is executed.
14:23:55 INFO  : Sourcing of '/media/hdd/FIFO_XADCdma/sdk7/design_1_wrapper_hw_platform_0/ps7_init.tcl' is done.
14:23:55 INFO  : Context for 'APU' is selected.
14:23:57 INFO  : Hardware design information is loaded from '/media/hdd/FIFO_XADCdma/sdk7/design_1_wrapper_hw_platform_0/system.hdf'.
14:23:57 INFO  : 'configparams force-mem-access 1' command is executed.
14:23:57 INFO  : Context for 'APU' is selected.
14:23:57 INFO  : 'stop' command is executed.
14:23:57 INFO  : 'ps7_init' command is executed.
14:23:57 INFO  : 'ps7_post_config' command is executed.
14:23:57 INFO  : Context for processor 'ps7_cortexa9_0' is selected.
14:23:57 INFO  : Processor reset is completed for 'ps7_cortexa9_0'.
14:23:57 INFO  : Context for processor 'ps7_cortexa9_0' is selected.
14:23:58 INFO  : The application '/media/hdd/FIFO_XADCdma/sdk7/xadc_test/Debug/xadc_test.elf' is downloaded to processor 'ps7_cortexa9_0'.
14:23:58 INFO  : 'configparams force-mem-access 0' command is executed.
14:23:58 INFO  : ----------------XSDB Script----------------
connect -url tcp:127.0.0.1:3121
source /media/hdd/FIFO_XADCdma/sdk7/design_1_wrapper_hw_platform_0/ps7_init.tcl
targets -set -nocase -filter {name =~"APU*" && jtag_cable_name =~ "Xilinx PYNQ-Z1 003017AD402DA"} -index 0
loadhw -hw /media/hdd/FIFO_XADCdma/sdk7/design_1_wrapper_hw_platform_0/system.hdf -mem-ranges [list {0x40000000 0xbfffffff}]
configparams force-mem-access 1
targets -set -nocase -filter {name =~"APU*" && jtag_cable_name =~ "Xilinx PYNQ-Z1 003017AD402DA"} -index 0
stop
ps7_init
ps7_post_config
targets -set -nocase -filter {name =~ "ARM*#0" && jtag_cable_name =~ "Xilinx PYNQ-Z1 003017AD402DA"} -index 0
rst -processor
targets -set -nocase -filter {name =~ "ARM*#0" && jtag_cable_name =~ "Xilinx PYNQ-Z1 003017AD402DA"} -index 0
dow /media/hdd/FIFO_XADCdma/sdk7/xadc_test/Debug/xadc_test.elf
configparams force-mem-access 0
----------------End of Script----------------

14:23:58 INFO  : Memory regions updated for context APU
14:23:58 INFO  : Context for processor 'ps7_cortexa9_0' is selected.
14:23:58 INFO  : 'con' command is executed.
14:23:58 INFO  : ----------------XSDB Script (After Launch)----------------
targets -set -nocase -filter {name =~ "ARM*#0" && jtag_cable_name =~ "Xilinx PYNQ-Z1 003017AD402DA"} -index 0
con
----------------End of Script----------------

14:23:58 INFO  : Launch script is exported to file '/media/hdd/FIFO_XADCdma/sdk7/.sdk/launch_scripts/xilinx_c-c++_application_(system_debugger)/system_debugger_using_debug_xadc_test.elf_on_local.tcl'
14:24:40 INFO  : Disconnected from the channel tcfchan#9.
14:24:42 INFO  : 'targets -set -filter {jtag_cable_name =~ "Xilinx PYNQ-Z1 003017AD402DA" && level==0} -index 1' command is executed.
14:24:42 INFO  : 'fpga -state' command is executed.
14:24:42 INFO  : Connected to target on host '127.0.0.1' and port '3121'.
14:24:42 INFO  : Jtag cable 'Xilinx PYNQ-Z1 003017AD402DA' is selected.
14:24:42 INFO  : 'jtag frequency' command is executed.
14:24:42 INFO  : Sourcing of '/media/hdd/FIFO_XADCdma/sdk7/design_1_wrapper_hw_platform_0/ps7_init.tcl' is done.
14:24:42 INFO  : Context for 'APU' is selected.
14:24:43 INFO  : Hardware design information is loaded from '/media/hdd/FIFO_XADCdma/sdk7/design_1_wrapper_hw_platform_0/system.hdf'.
14:24:43 INFO  : 'configparams force-mem-access 1' command is executed.
14:24:44 INFO  : Context for 'APU' is selected.
14:24:44 INFO  : 'stop' command is executed.
14:24:44 INFO  : 'ps7_init' command is executed.
14:24:44 INFO  : 'ps7_post_config' command is executed.
14:24:44 INFO  : Context for processor 'ps7_cortexa9_0' is selected.
14:24:44 INFO  : Processor reset is completed for 'ps7_cortexa9_0'.
14:24:44 INFO  : Context for processor 'ps7_cortexa9_0' is selected.
14:24:44 INFO  : The application '/media/hdd/FIFO_XADCdma/sdk7/xadc_test/Debug/xadc_test.elf' is downloaded to processor 'ps7_cortexa9_0'.
14:24:44 INFO  : 'configparams force-mem-access 0' command is executed.
14:24:44 INFO  : ----------------XSDB Script----------------
connect -url tcp:127.0.0.1:3121
source /media/hdd/FIFO_XADCdma/sdk7/design_1_wrapper_hw_platform_0/ps7_init.tcl
targets -set -nocase -filter {name =~"APU*" && jtag_cable_name =~ "Xilinx PYNQ-Z1 003017AD402DA"} -index 0
loadhw -hw /media/hdd/FIFO_XADCdma/sdk7/design_1_wrapper_hw_platform_0/system.hdf -mem-ranges [list {0x40000000 0xbfffffff}]
configparams force-mem-access 1
targets -set -nocase -filter {name =~"APU*" && jtag_cable_name =~ "Xilinx PYNQ-Z1 003017AD402DA"} -index 0
stop
ps7_init
ps7_post_config
targets -set -nocase -filter {name =~ "ARM*#0" && jtag_cable_name =~ "Xilinx PYNQ-Z1 003017AD402DA"} -index 0
rst -processor
targets -set -nocase -filter {name =~ "ARM*#0" && jtag_cable_name =~ "Xilinx PYNQ-Z1 003017AD402DA"} -index 0
dow /media/hdd/FIFO_XADCdma/sdk7/xadc_test/Debug/xadc_test.elf
configparams force-mem-access 0
----------------End of Script----------------

14:24:44 INFO  : Memory regions updated for context APU
14:24:44 INFO  : Context for processor 'ps7_cortexa9_0' is selected.
14:24:44 INFO  : 'con' command is executed.
14:24:44 INFO  : ----------------XSDB Script (After Launch)----------------
targets -set -nocase -filter {name =~ "ARM*#0" && jtag_cable_name =~ "Xilinx PYNQ-Z1 003017AD402DA"} -index 0
con
----------------End of Script----------------

14:24:44 INFO  : Launch script is exported to file '/media/hdd/FIFO_XADCdma/sdk7/.sdk/launch_scripts/xilinx_c-c++_application_(system_debugger)/system_debugger_using_debug_xadc_test.elf_on_local.tcl'
14:25:54 INFO  : Disconnected from the channel tcfchan#10.
14:25:56 INFO  : 'targets -set -filter {jtag_cable_name =~ "Xilinx PYNQ-Z1 003017AD402DA" && level==0} -index 1' command is executed.
14:25:56 INFO  : 'fpga -state' command is executed.
14:25:56 INFO  : Connected to target on host '127.0.0.1' and port '3121'.
14:25:56 INFO  : Jtag cable 'Xilinx PYNQ-Z1 003017AD402DA' is selected.
14:25:56 INFO  : 'jtag frequency' command is executed.
14:25:56 INFO  : Sourcing of '/media/hdd/FIFO_XADCdma/sdk7/design_1_wrapper_hw_platform_0/ps7_init.tcl' is done.
14:25:56 INFO  : Context for 'APU' is selected.
14:25:57 INFO  : Hardware design information is loaded from '/media/hdd/FIFO_XADCdma/sdk7/design_1_wrapper_hw_platform_0/system.hdf'.
14:25:57 INFO  : 'configparams force-mem-access 1' command is executed.
14:25:57 INFO  : Context for 'APU' is selected.
14:25:57 INFO  : 'stop' command is executed.
14:25:58 INFO  : 'ps7_init' command is executed.
14:25:58 INFO  : 'ps7_post_config' command is executed.
14:25:58 INFO  : Context for processor 'ps7_cortexa9_0' is selected.
14:25:58 INFO  : Processor reset is completed for 'ps7_cortexa9_0'.
14:25:58 INFO  : Context for processor 'ps7_cortexa9_0' is selected.
14:25:58 INFO  : The application '/media/hdd/FIFO_XADCdma/sdk7/xadc_test/Debug/xadc_test.elf' is downloaded to processor 'ps7_cortexa9_0'.
14:25:58 INFO  : 'configparams force-mem-access 0' command is executed.
14:25:58 INFO  : ----------------XSDB Script----------------
connect -url tcp:127.0.0.1:3121
source /media/hdd/FIFO_XADCdma/sdk7/design_1_wrapper_hw_platform_0/ps7_init.tcl
targets -set -nocase -filter {name =~"APU*" && jtag_cable_name =~ "Xilinx PYNQ-Z1 003017AD402DA"} -index 0
loadhw -hw /media/hdd/FIFO_XADCdma/sdk7/design_1_wrapper_hw_platform_0/system.hdf -mem-ranges [list {0x40000000 0xbfffffff}]
configparams force-mem-access 1
targets -set -nocase -filter {name =~"APU*" && jtag_cable_name =~ "Xilinx PYNQ-Z1 003017AD402DA"} -index 0
stop
ps7_init
ps7_post_config
targets -set -nocase -filter {name =~ "ARM*#0" && jtag_cable_name =~ "Xilinx PYNQ-Z1 003017AD402DA"} -index 0
rst -processor
targets -set -nocase -filter {name =~ "ARM*#0" && jtag_cable_name =~ "Xilinx PYNQ-Z1 003017AD402DA"} -index 0
dow /media/hdd/FIFO_XADCdma/sdk7/xadc_test/Debug/xadc_test.elf
configparams force-mem-access 0
----------------End of Script----------------

14:25:58 INFO  : Memory regions updated for context APU
14:25:58 INFO  : Context for processor 'ps7_cortexa9_0' is selected.
14:25:58 INFO  : 'con' command is executed.
14:25:58 INFO  : ----------------XSDB Script (After Launch)----------------
targets -set -nocase -filter {name =~ "ARM*#0" && jtag_cable_name =~ "Xilinx PYNQ-Z1 003017AD402DA"} -index 0
con
----------------End of Script----------------

14:25:58 INFO  : Launch script is exported to file '/media/hdd/FIFO_XADCdma/sdk7/.sdk/launch_scripts/xilinx_c-c++_application_(system_debugger)/system_debugger_using_debug_xadc_test.elf_on_local.tcl'
14:26:28 INFO  : Disconnected from the channel tcfchan#11.
14:26:29 INFO  : 'targets -set -filter {jtag_cable_name =~ "Xilinx PYNQ-Z1 003017AD402DA" && level==0} -index 1' command is executed.
14:26:29 INFO  : 'fpga -state' command is executed.
14:26:29 INFO  : Connected to target on host '127.0.0.1' and port '3121'.
14:26:29 INFO  : Jtag cable 'Xilinx PYNQ-Z1 003017AD402DA' is selected.
14:26:29 INFO  : 'jtag frequency' command is executed.
14:26:29 INFO  : Sourcing of '/media/hdd/FIFO_XADCdma/sdk7/design_1_wrapper_hw_platform_0/ps7_init.tcl' is done.
14:26:29 INFO  : Context for 'APU' is selected.
14:26:31 INFO  : Hardware design information is loaded from '/media/hdd/FIFO_XADCdma/sdk7/design_1_wrapper_hw_platform_0/system.hdf'.
14:26:31 INFO  : 'configparams force-mem-access 1' command is executed.
14:26:31 INFO  : Context for 'APU' is selected.
14:26:31 INFO  : 'stop' command is executed.
14:26:31 INFO  : 'ps7_init' command is executed.
14:26:31 INFO  : 'ps7_post_config' command is executed.
14:26:31 INFO  : Context for processor 'ps7_cortexa9_0' is selected.
14:26:31 INFO  : Processor reset is completed for 'ps7_cortexa9_0'.
14:26:31 INFO  : Context for processor 'ps7_cortexa9_0' is selected.
14:26:32 INFO  : The application '/media/hdd/FIFO_XADCdma/sdk7/xadc_test/Debug/xadc_test.elf' is downloaded to processor 'ps7_cortexa9_0'.
14:26:32 INFO  : 'configparams force-mem-access 0' command is executed.
14:26:32 INFO  : ----------------XSDB Script----------------
connect -url tcp:127.0.0.1:3121
source /media/hdd/FIFO_XADCdma/sdk7/design_1_wrapper_hw_platform_0/ps7_init.tcl
targets -set -nocase -filter {name =~"APU*" && jtag_cable_name =~ "Xilinx PYNQ-Z1 003017AD402DA"} -index 0
loadhw -hw /media/hdd/FIFO_XADCdma/sdk7/design_1_wrapper_hw_platform_0/system.hdf -mem-ranges [list {0x40000000 0xbfffffff}]
configparams force-mem-access 1
targets -set -nocase -filter {name =~"APU*" && jtag_cable_name =~ "Xilinx PYNQ-Z1 003017AD402DA"} -index 0
stop
ps7_init
ps7_post_config
targets -set -nocase -filter {name =~ "ARM*#0" && jtag_cable_name =~ "Xilinx PYNQ-Z1 003017AD402DA"} -index 0
rst -processor
targets -set -nocase -filter {name =~ "ARM*#0" && jtag_cable_name =~ "Xilinx PYNQ-Z1 003017AD402DA"} -index 0
dow /media/hdd/FIFO_XADCdma/sdk7/xadc_test/Debug/xadc_test.elf
configparams force-mem-access 0
----------------End of Script----------------

14:26:32 INFO  : Memory regions updated for context APU
14:26:32 INFO  : Context for processor 'ps7_cortexa9_0' is selected.
14:26:32 INFO  : 'con' command is executed.
14:26:32 INFO  : ----------------XSDB Script (After Launch)----------------
targets -set -nocase -filter {name =~ "ARM*#0" && jtag_cable_name =~ "Xilinx PYNQ-Z1 003017AD402DA"} -index 0
con
----------------End of Script----------------

14:26:32 INFO  : Launch script is exported to file '/media/hdd/FIFO_XADCdma/sdk7/.sdk/launch_scripts/xilinx_c-c++_application_(system_debugger)/system_debugger_using_debug_xadc_test.elf_on_local.tcl'
14:27:03 INFO  : Disconnected from the channel tcfchan#12.
14:27:04 INFO  : 'targets -set -filter {jtag_cable_name =~ "Xilinx PYNQ-Z1 003017AD402DA" && level==0} -index 1' command is executed.
14:27:04 INFO  : 'fpga -state' command is executed.
14:27:04 INFO  : Connected to target on host '127.0.0.1' and port '3121'.
14:27:04 INFO  : Jtag cable 'Xilinx PYNQ-Z1 003017AD402DA' is selected.
14:27:04 INFO  : 'jtag frequency' command is executed.
14:27:04 INFO  : Sourcing of '/media/hdd/FIFO_XADCdma/sdk7/design_1_wrapper_hw_platform_0/ps7_init.tcl' is done.
14:27:04 INFO  : Context for 'APU' is selected.
14:27:06 INFO  : Hardware design information is loaded from '/media/hdd/FIFO_XADCdma/sdk7/design_1_wrapper_hw_platform_0/system.hdf'.
14:27:06 INFO  : 'configparams force-mem-access 1' command is executed.
14:27:06 INFO  : Context for 'APU' is selected.
14:27:06 INFO  : 'stop' command is executed.
14:27:06 INFO  : 'ps7_init' command is executed.
14:27:06 INFO  : 'ps7_post_config' command is executed.
14:27:07 INFO  : Context for processor 'ps7_cortexa9_0' is selected.
14:27:07 INFO  : Processor reset is completed for 'ps7_cortexa9_0'.
14:27:07 INFO  : Context for processor 'ps7_cortexa9_0' is selected.
14:27:07 INFO  : The application '/media/hdd/FIFO_XADCdma/sdk7/xadc_test/Debug/xadc_test.elf' is downloaded to processor 'ps7_cortexa9_0'.
14:27:07 INFO  : 'configparams force-mem-access 0' command is executed.
14:27:07 INFO  : ----------------XSDB Script----------------
connect -url tcp:127.0.0.1:3121
source /media/hdd/FIFO_XADCdma/sdk7/design_1_wrapper_hw_platform_0/ps7_init.tcl
targets -set -nocase -filter {name =~"APU*" && jtag_cable_name =~ "Xilinx PYNQ-Z1 003017AD402DA"} -index 0
loadhw -hw /media/hdd/FIFO_XADCdma/sdk7/design_1_wrapper_hw_platform_0/system.hdf -mem-ranges [list {0x40000000 0xbfffffff}]
configparams force-mem-access 1
targets -set -nocase -filter {name =~"APU*" && jtag_cable_name =~ "Xilinx PYNQ-Z1 003017AD402DA"} -index 0
stop
ps7_init
ps7_post_config
targets -set -nocase -filter {name =~ "ARM*#0" && jtag_cable_name =~ "Xilinx PYNQ-Z1 003017AD402DA"} -index 0
rst -processor
targets -set -nocase -filter {name =~ "ARM*#0" && jtag_cable_name =~ "Xilinx PYNQ-Z1 003017AD402DA"} -index 0
dow /media/hdd/FIFO_XADCdma/sdk7/xadc_test/Debug/xadc_test.elf
configparams force-mem-access 0
----------------End of Script----------------

14:27:07 INFO  : Memory regions updated for context APU
14:27:07 INFO  : Context for processor 'ps7_cortexa9_0' is selected.
14:27:07 INFO  : 'con' command is executed.
14:27:07 INFO  : ----------------XSDB Script (After Launch)----------------
targets -set -nocase -filter {name =~ "ARM*#0" && jtag_cable_name =~ "Xilinx PYNQ-Z1 003017AD402DA"} -index 0
con
----------------End of Script----------------

14:27:07 INFO  : Launch script is exported to file '/media/hdd/FIFO_XADCdma/sdk7/.sdk/launch_scripts/xilinx_c-c++_application_(system_debugger)/system_debugger_using_debug_xadc_test.elf_on_local.tcl'
14:27:36 INFO  : Disconnected from the channel tcfchan#13.
14:27:37 INFO  : 'targets -set -filter {jtag_cable_name =~ "Xilinx PYNQ-Z1 003017AD402DA" && level==0} -index 1' command is executed.
14:27:37 INFO  : 'fpga -state' command is executed.
14:27:37 INFO  : Connected to target on host '127.0.0.1' and port '3121'.
14:27:37 INFO  : Jtag cable 'Xilinx PYNQ-Z1 003017AD402DA' is selected.
14:27:37 INFO  : 'jtag frequency' command is executed.
14:27:37 INFO  : Sourcing of '/media/hdd/FIFO_XADCdma/sdk7/design_1_wrapper_hw_platform_0/ps7_init.tcl' is done.
14:27:37 INFO  : Context for 'APU' is selected.
14:27:39 INFO  : Hardware design information is loaded from '/media/hdd/FIFO_XADCdma/sdk7/design_1_wrapper_hw_platform_0/system.hdf'.
14:27:39 INFO  : 'configparams force-mem-access 1' command is executed.
14:27:39 INFO  : Context for 'APU' is selected.
14:27:39 INFO  : 'stop' command is executed.
14:27:40 INFO  : 'ps7_init' command is executed.
14:27:40 INFO  : 'ps7_post_config' command is executed.
14:27:40 INFO  : Context for processor 'ps7_cortexa9_0' is selected.
14:27:40 INFO  : Processor reset is completed for 'ps7_cortexa9_0'.
14:27:40 INFO  : Context for processor 'ps7_cortexa9_0' is selected.
14:27:40 INFO  : The application '/media/hdd/FIFO_XADCdma/sdk7/xadc_test/Debug/xadc_test.elf' is downloaded to processor 'ps7_cortexa9_0'.
14:27:40 INFO  : 'configparams force-mem-access 0' command is executed.
14:27:40 INFO  : ----------------XSDB Script----------------
connect -url tcp:127.0.0.1:3121
source /media/hdd/FIFO_XADCdma/sdk7/design_1_wrapper_hw_platform_0/ps7_init.tcl
targets -set -nocase -filter {name =~"APU*" && jtag_cable_name =~ "Xilinx PYNQ-Z1 003017AD402DA"} -index 0
loadhw -hw /media/hdd/FIFO_XADCdma/sdk7/design_1_wrapper_hw_platform_0/system.hdf -mem-ranges [list {0x40000000 0xbfffffff}]
configparams force-mem-access 1
targets -set -nocase -filter {name =~"APU*" && jtag_cable_name =~ "Xilinx PYNQ-Z1 003017AD402DA"} -index 0
stop
ps7_init
ps7_post_config
targets -set -nocase -filter {name =~ "ARM*#0" && jtag_cable_name =~ "Xilinx PYNQ-Z1 003017AD402DA"} -index 0
rst -processor
targets -set -nocase -filter {name =~ "ARM*#0" && jtag_cable_name =~ "Xilinx PYNQ-Z1 003017AD402DA"} -index 0
dow /media/hdd/FIFO_XADCdma/sdk7/xadc_test/Debug/xadc_test.elf
configparams force-mem-access 0
----------------End of Script----------------

14:27:40 INFO  : Memory regions updated for context APU
14:27:40 INFO  : Context for processor 'ps7_cortexa9_0' is selected.
14:27:40 INFO  : 'con' command is executed.
14:27:40 INFO  : ----------------XSDB Script (After Launch)----------------
targets -set -nocase -filter {name =~ "ARM*#0" && jtag_cable_name =~ "Xilinx PYNQ-Z1 003017AD402DA"} -index 0
con
----------------End of Script----------------

14:27:40 INFO  : Launch script is exported to file '/media/hdd/FIFO_XADCdma/sdk7/.sdk/launch_scripts/xilinx_c-c++_application_(system_debugger)/system_debugger_using_debug_xadc_test.elf_on_local.tcl'
14:27:52 INFO  : Connected to target on host '127.0.0.1' and port '3121'.
14:27:52 INFO  : 'targets -set -filter {jtag_cable_name =~ "Xilinx PYNQ-Z1 003017AD402DA" && level==0} -index 1' command is executed.
14:27:55 INFO  : FPGA configured successfully with bitstream "/media/hdd/FIFO_XADCdma/sdk7/design_1_wrapper_hw_platform_0/design_1_wrapper.bit"
14:28:00 INFO  : Disconnected from the channel tcfchan#14.
14:28:01 INFO  : 'targets -set -filter {jtag_cable_name =~ "Xilinx PYNQ-Z1 003017AD402DA" && level==0} -index 1' command is executed.
14:28:01 INFO  : 'fpga -state' command is executed.
14:28:01 INFO  : Connected to target on host '127.0.0.1' and port '3121'.
14:28:01 INFO  : Jtag cable 'Xilinx PYNQ-Z1 003017AD402DA' is selected.
14:28:01 INFO  : 'jtag frequency' command is executed.
14:28:01 INFO  : Sourcing of '/media/hdd/FIFO_XADCdma/sdk7/design_1_wrapper_hw_platform_0/ps7_init.tcl' is done.
14:28:01 INFO  : Context for 'APU' is selected.
14:28:03 INFO  : Hardware design information is loaded from '/media/hdd/FIFO_XADCdma/sdk7/design_1_wrapper_hw_platform_0/system.hdf'.
14:28:03 INFO  : 'configparams force-mem-access 1' command is executed.
14:28:03 INFO  : Context for 'APU' is selected.
14:28:03 INFO  : 'stop' command is executed.
14:28:03 INFO  : 'ps7_init' command is executed.
14:28:03 INFO  : 'ps7_post_config' command is executed.
14:28:03 INFO  : Context for processor 'ps7_cortexa9_0' is selected.
14:28:03 INFO  : Processor reset is completed for 'ps7_cortexa9_0'.
14:28:03 INFO  : Context for processor 'ps7_cortexa9_0' is selected.
14:28:04 INFO  : The application '/media/hdd/FIFO_XADCdma/sdk7/xadc_test/Debug/xadc_test.elf' is downloaded to processor 'ps7_cortexa9_0'.
14:28:04 INFO  : 'configparams force-mem-access 0' command is executed.
14:28:04 INFO  : ----------------XSDB Script----------------
connect -url tcp:127.0.0.1:3121
source /media/hdd/FIFO_XADCdma/sdk7/design_1_wrapper_hw_platform_0/ps7_init.tcl
targets -set -nocase -filter {name =~"APU*" && jtag_cable_name =~ "Xilinx PYNQ-Z1 003017AD402DA"} -index 0
loadhw -hw /media/hdd/FIFO_XADCdma/sdk7/design_1_wrapper_hw_platform_0/system.hdf -mem-ranges [list {0x40000000 0xbfffffff}]
configparams force-mem-access 1
targets -set -nocase -filter {name =~"APU*" && jtag_cable_name =~ "Xilinx PYNQ-Z1 003017AD402DA"} -index 0
stop
ps7_init
ps7_post_config
targets -set -nocase -filter {name =~ "ARM*#0" && jtag_cable_name =~ "Xilinx PYNQ-Z1 003017AD402DA"} -index 0
rst -processor
targets -set -nocase -filter {name =~ "ARM*#0" && jtag_cable_name =~ "Xilinx PYNQ-Z1 003017AD402DA"} -index 0
dow /media/hdd/FIFO_XADCdma/sdk7/xadc_test/Debug/xadc_test.elf
configparams force-mem-access 0
----------------End of Script----------------

14:28:04 INFO  : Memory regions updated for context APU
14:28:04 INFO  : Context for processor 'ps7_cortexa9_0' is selected.
14:28:04 INFO  : 'con' command is executed.
14:28:04 INFO  : ----------------XSDB Script (After Launch)----------------
targets -set -nocase -filter {name =~ "ARM*#0" && jtag_cable_name =~ "Xilinx PYNQ-Z1 003017AD402DA"} -index 0
con
----------------End of Script----------------

14:28:04 INFO  : Launch script is exported to file '/media/hdd/FIFO_XADCdma/sdk7/.sdk/launch_scripts/xilinx_c-c++_application_(system_debugger)/system_debugger_using_debug_xadc_test.elf_on_local.tcl'
14:28:21 INFO  : Disconnected from the channel tcfchan#15.
14:28:22 INFO  : 'targets -set -filter {jtag_cable_name =~ "Xilinx PYNQ-Z1 003017AD402DA" && level==0} -index 1' command is executed.
14:28:22 INFO  : 'fpga -state' command is executed.
14:28:22 INFO  : Connected to target on host '127.0.0.1' and port '3121'.
14:28:23 INFO  : Jtag cable 'Xilinx PYNQ-Z1 003017AD402DA' is selected.
14:28:23 INFO  : 'jtag frequency' command is executed.
14:28:23 INFO  : Sourcing of '/media/hdd/FIFO_XADCdma/sdk7/design_1_wrapper_hw_platform_0/ps7_init.tcl' is done.
14:28:23 INFO  : Context for 'APU' is selected.
14:28:24 INFO  : Hardware design information is loaded from '/media/hdd/FIFO_XADCdma/sdk7/design_1_wrapper_hw_platform_0/system.hdf'.
14:28:24 INFO  : 'configparams force-mem-access 1' command is executed.
14:28:24 INFO  : Context for 'APU' is selected.
14:28:24 INFO  : 'stop' command is executed.
14:28:25 INFO  : 'ps7_init' command is executed.
14:28:25 INFO  : 'ps7_post_config' command is executed.
14:28:25 INFO  : Context for processor 'ps7_cortexa9_0' is selected.
14:28:25 INFO  : Processor reset is completed for 'ps7_cortexa9_0'.
14:28:25 INFO  : Context for processor 'ps7_cortexa9_0' is selected.
14:28:25 INFO  : The application '/media/hdd/FIFO_XADCdma/sdk7/xadc_test/Debug/xadc_test.elf' is downloaded to processor 'ps7_cortexa9_0'.
14:28:25 INFO  : 'configparams force-mem-access 0' command is executed.
14:28:25 INFO  : ----------------XSDB Script----------------
connect -url tcp:127.0.0.1:3121
source /media/hdd/FIFO_XADCdma/sdk7/design_1_wrapper_hw_platform_0/ps7_init.tcl
targets -set -nocase -filter {name =~"APU*" && jtag_cable_name =~ "Xilinx PYNQ-Z1 003017AD402DA"} -index 0
loadhw -hw /media/hdd/FIFO_XADCdma/sdk7/design_1_wrapper_hw_platform_0/system.hdf -mem-ranges [list {0x40000000 0xbfffffff}]
configparams force-mem-access 1
targets -set -nocase -filter {name =~"APU*" && jtag_cable_name =~ "Xilinx PYNQ-Z1 003017AD402DA"} -index 0
stop
ps7_init
ps7_post_config
targets -set -nocase -filter {name =~ "ARM*#0" && jtag_cable_name =~ "Xilinx PYNQ-Z1 003017AD402DA"} -index 0
rst -processor
targets -set -nocase -filter {name =~ "ARM*#0" && jtag_cable_name =~ "Xilinx PYNQ-Z1 003017AD402DA"} -index 0
dow /media/hdd/FIFO_XADCdma/sdk7/xadc_test/Debug/xadc_test.elf
configparams force-mem-access 0
----------------End of Script----------------

14:28:25 INFO  : Memory regions updated for context APU
14:28:25 INFO  : Context for processor 'ps7_cortexa9_0' is selected.
14:28:25 INFO  : 'con' command is executed.
14:28:25 INFO  : ----------------XSDB Script (After Launch)----------------
targets -set -nocase -filter {name =~ "ARM*#0" && jtag_cable_name =~ "Xilinx PYNQ-Z1 003017AD402DA"} -index 0
con
----------------End of Script----------------

14:28:25 INFO  : Launch script is exported to file '/media/hdd/FIFO_XADCdma/sdk7/.sdk/launch_scripts/xilinx_c-c++_application_(system_debugger)/system_debugger_using_debug_xadc_test.elf_on_local.tcl'
14:28:53 INFO  : Disconnected from the channel tcfchan#16.
14:28:54 INFO  : 'targets -set -filter {jtag_cable_name =~ "Xilinx PYNQ-Z1 003017AD402DA" && level==0} -index 1' command is executed.
14:28:54 INFO  : 'fpga -state' command is executed.
14:28:57 INFO  : Memory regions updated for context APU
14:29:01 INFO  : Connected to target on host '127.0.0.1' and port '3121'.
14:29:01 INFO  : 'targets -set -filter {jtag_cable_name =~ "Xilinx PYNQ-Z1 003017AD402DA" && level==0} -index 1' command is executed.
14:29:04 INFO  : FPGA configured successfully with bitstream "/media/hdd/FIFO_XADCdma/sdk7/design_1_wrapper_hw_platform_0/design_1_wrapper.bit"
14:29:06 INFO  : 'targets -set -filter {jtag_cable_name =~ "Xilinx PYNQ-Z1 003017AD402DA" && level==0} -index 1' command is executed.
14:29:06 INFO  : 'fpga -state' command is executed.
14:29:06 INFO  : Connected to target on host '127.0.0.1' and port '3121'.
14:29:07 INFO  : Jtag cable 'Xilinx PYNQ-Z1 003017AD402DA' is selected.
14:29:07 INFO  : 'jtag frequency' command is executed.
14:29:07 INFO  : Sourcing of '/media/hdd/FIFO_XADCdma/sdk7/design_1_wrapper_hw_platform_0/ps7_init.tcl' is done.
14:29:07 INFO  : Context for 'APU' is selected.
14:29:07 INFO  : Hardware design information is loaded from '/media/hdd/FIFO_XADCdma/sdk7/design_1_wrapper_hw_platform_0/system.hdf'.
14:29:07 INFO  : 'configparams force-mem-access 1' command is executed.
14:29:07 INFO  : Context for 'APU' is selected.
14:29:07 INFO  : 'stop' command is executed.
14:29:07 INFO  : 'ps7_init' command is executed.
14:29:07 INFO  : 'ps7_post_config' command is executed.
14:29:07 INFO  : Context for processor 'ps7_cortexa9_0' is selected.
14:29:07 INFO  : Processor reset is completed for 'ps7_cortexa9_0'.
14:29:07 INFO  : Context for processor 'ps7_cortexa9_0' is selected.
14:29:07 INFO  : The application '/media/hdd/FIFO_XADCdma/sdk7/xadc_test/Debug/xadc_test.elf' is downloaded to processor 'ps7_cortexa9_0'.
14:29:07 INFO  : 'configparams force-mem-access 0' command is executed.
14:29:07 INFO  : ----------------XSDB Script----------------
connect -url tcp:127.0.0.1:3121
source /media/hdd/FIFO_XADCdma/sdk7/design_1_wrapper_hw_platform_0/ps7_init.tcl
targets -set -nocase -filter {name =~"APU*" && jtag_cable_name =~ "Xilinx PYNQ-Z1 003017AD402DA"} -index 0
loadhw -hw /media/hdd/FIFO_XADCdma/sdk7/design_1_wrapper_hw_platform_0/system.hdf -mem-ranges [list {0x40000000 0xbfffffff}]
configparams force-mem-access 1
targets -set -nocase -filter {name =~"APU*" && jtag_cable_name =~ "Xilinx PYNQ-Z1 003017AD402DA"} -index 0
stop
ps7_init
ps7_post_config
targets -set -nocase -filter {name =~ "ARM*#0" && jtag_cable_name =~ "Xilinx PYNQ-Z1 003017AD402DA"} -index 0
rst -processor
targets -set -nocase -filter {name =~ "ARM*#0" && jtag_cable_name =~ "Xilinx PYNQ-Z1 003017AD402DA"} -index 0
dow /media/hdd/FIFO_XADCdma/sdk7/xadc_test/Debug/xadc_test.elf
configparams force-mem-access 0
----------------End of Script----------------

14:29:08 INFO  : Memory regions updated for context APU
14:29:08 INFO  : Context for processor 'ps7_cortexa9_0' is selected.
14:29:08 INFO  : 'con' command is executed.
14:29:08 INFO  : ----------------XSDB Script (After Launch)----------------
targets -set -nocase -filter {name =~ "ARM*#0" && jtag_cable_name =~ "Xilinx PYNQ-Z1 003017AD402DA"} -index 0
con
----------------End of Script----------------

14:29:08 INFO  : Launch script is exported to file '/media/hdd/FIFO_XADCdma/sdk7/.sdk/launch_scripts/xilinx_c-c++_application_(system_debugger)/system_debugger_using_debug_xadc_test.elf_on_local.tcl'
14:29:40 INFO  : Disconnected from the channel tcfchan#17.
14:29:41 INFO  : 'targets -set -filter {jtag_cable_name =~ "Xilinx PYNQ-Z1 003017AD402DA" && level==0} -index 1' command is executed.
14:29:41 INFO  : 'fpga -state' command is executed.
14:29:41 INFO  : Connected to target on host '127.0.0.1' and port '3121'.
14:29:42 INFO  : Jtag cable 'Xilinx PYNQ-Z1 003017AD402DA' is selected.
14:29:42 INFO  : 'jtag frequency' command is executed.
14:29:42 INFO  : Sourcing of '/media/hdd/FIFO_XADCdma/sdk7/design_1_wrapper_hw_platform_0/ps7_init.tcl' is done.
14:29:42 INFO  : Context for 'APU' is selected.
14:29:43 INFO  : Hardware design information is loaded from '/media/hdd/FIFO_XADCdma/sdk7/design_1_wrapper_hw_platform_0/system.hdf'.
14:29:43 INFO  : 'configparams force-mem-access 1' command is executed.
14:29:43 INFO  : Context for 'APU' is selected.
14:29:43 INFO  : 'stop' command is executed.
14:29:44 INFO  : 'ps7_init' command is executed.
14:29:44 INFO  : 'ps7_post_config' command is executed.
14:29:44 INFO  : Context for processor 'ps7_cortexa9_0' is selected.
14:29:44 INFO  : Processor reset is completed for 'ps7_cortexa9_0'.
14:29:44 INFO  : Context for processor 'ps7_cortexa9_0' is selected.
14:29:44 INFO  : The application '/media/hdd/FIFO_XADCdma/sdk7/xadc_test/Debug/xadc_test.elf' is downloaded to processor 'ps7_cortexa9_0'.
14:29:44 INFO  : 'configparams force-mem-access 0' command is executed.
14:29:44 INFO  : ----------------XSDB Script----------------
connect -url tcp:127.0.0.1:3121
source /media/hdd/FIFO_XADCdma/sdk7/design_1_wrapper_hw_platform_0/ps7_init.tcl
targets -set -nocase -filter {name =~"APU*" && jtag_cable_name =~ "Xilinx PYNQ-Z1 003017AD402DA"} -index 0
loadhw -hw /media/hdd/FIFO_XADCdma/sdk7/design_1_wrapper_hw_platform_0/system.hdf -mem-ranges [list {0x40000000 0xbfffffff}]
configparams force-mem-access 1
targets -set -nocase -filter {name =~"APU*" && jtag_cable_name =~ "Xilinx PYNQ-Z1 003017AD402DA"} -index 0
stop
ps7_init
ps7_post_config
targets -set -nocase -filter {name =~ "ARM*#0" && jtag_cable_name =~ "Xilinx PYNQ-Z1 003017AD402DA"} -index 0
rst -processor
targets -set -nocase -filter {name =~ "ARM*#0" && jtag_cable_name =~ "Xilinx PYNQ-Z1 003017AD402DA"} -index 0
dow /media/hdd/FIFO_XADCdma/sdk7/xadc_test/Debug/xadc_test.elf
configparams force-mem-access 0
----------------End of Script----------------

14:29:44 INFO  : Memory regions updated for context APU
14:29:44 INFO  : Context for processor 'ps7_cortexa9_0' is selected.
14:29:44 INFO  : 'con' command is executed.
14:29:44 INFO  : ----------------XSDB Script (After Launch)----------------
targets -set -nocase -filter {name =~ "ARM*#0" && jtag_cable_name =~ "Xilinx PYNQ-Z1 003017AD402DA"} -index 0
con
----------------End of Script----------------

14:29:44 INFO  : Launch script is exported to file '/media/hdd/FIFO_XADCdma/sdk7/.sdk/launch_scripts/xilinx_c-c++_application_(system_debugger)/system_debugger_using_debug_xadc_test.elf_on_local.tcl'
14:30:56 INFO  : Disconnected from the channel tcfchan#18.
14:30:57 INFO  : 'targets -set -filter {jtag_cable_name =~ "Xilinx PYNQ-Z1 003017AD402DA" && level==0} -index 1' command is executed.
14:30:57 INFO  : 'fpga -state' command is executed.
14:30:57 INFO  : Connected to target on host '127.0.0.1' and port '3121'.
14:30:57 INFO  : Jtag cable 'Xilinx PYNQ-Z1 003017AD402DA' is selected.
14:30:57 INFO  : 'jtag frequency' command is executed.
14:30:57 INFO  : Sourcing of '/media/hdd/FIFO_XADCdma/sdk7/design_1_wrapper_hw_platform_0/ps7_init.tcl' is done.
14:30:57 INFO  : Context for 'APU' is selected.
14:30:59 INFO  : Hardware design information is loaded from '/media/hdd/FIFO_XADCdma/sdk7/design_1_wrapper_hw_platform_0/system.hdf'.
14:30:59 INFO  : 'configparams force-mem-access 1' command is executed.
14:30:59 INFO  : Context for 'APU' is selected.
14:30:59 INFO  : 'stop' command is executed.
14:30:59 INFO  : 'ps7_init' command is executed.
14:30:59 INFO  : 'ps7_post_config' command is executed.
14:30:59 INFO  : Context for processor 'ps7_cortexa9_0' is selected.
14:30:59 INFO  : Processor reset is completed for 'ps7_cortexa9_0'.
14:30:59 INFO  : Context for processor 'ps7_cortexa9_0' is selected.
14:31:00 INFO  : The application '/media/hdd/FIFO_XADCdma/sdk7/xadc_test/Debug/xadc_test.elf' is downloaded to processor 'ps7_cortexa9_0'.
14:31:00 INFO  : 'configparams force-mem-access 0' command is executed.
14:31:00 INFO  : ----------------XSDB Script----------------
connect -url tcp:127.0.0.1:3121
source /media/hdd/FIFO_XADCdma/sdk7/design_1_wrapper_hw_platform_0/ps7_init.tcl
targets -set -nocase -filter {name =~"APU*" && jtag_cable_name =~ "Xilinx PYNQ-Z1 003017AD402DA"} -index 0
loadhw -hw /media/hdd/FIFO_XADCdma/sdk7/design_1_wrapper_hw_platform_0/system.hdf -mem-ranges [list {0x40000000 0xbfffffff}]
configparams force-mem-access 1
targets -set -nocase -filter {name =~"APU*" && jtag_cable_name =~ "Xilinx PYNQ-Z1 003017AD402DA"} -index 0
stop
ps7_init
ps7_post_config
targets -set -nocase -filter {name =~ "ARM*#0" && jtag_cable_name =~ "Xilinx PYNQ-Z1 003017AD402DA"} -index 0
rst -processor
targets -set -nocase -filter {name =~ "ARM*#0" && jtag_cable_name =~ "Xilinx PYNQ-Z1 003017AD402DA"} -index 0
dow /media/hdd/FIFO_XADCdma/sdk7/xadc_test/Debug/xadc_test.elf
configparams force-mem-access 0
----------------End of Script----------------

14:31:00 INFO  : Memory regions updated for context APU
14:31:00 INFO  : Context for processor 'ps7_cortexa9_0' is selected.
14:31:00 INFO  : 'con' command is executed.
14:31:00 INFO  : ----------------XSDB Script (After Launch)----------------
targets -set -nocase -filter {name =~ "ARM*#0" && jtag_cable_name =~ "Xilinx PYNQ-Z1 003017AD402DA"} -index 0
con
----------------End of Script----------------

14:31:00 INFO  : Launch script is exported to file '/media/hdd/FIFO_XADCdma/sdk7/.sdk/launch_scripts/xilinx_c-c++_application_(system_debugger)/system_debugger_using_debug_xadc_test.elf_on_local.tcl'
14:34:59 INFO  : Connected to target on host '127.0.0.1' and port '3121'.
14:34:59 INFO  : 'targets -set -filter {jtag_cable_name =~ "Xilinx PYNQ-Z1 003017AD402DA" && level==0} -index 1' command is executed.
14:35:01 INFO  : FPGA configured successfully with bitstream "/media/hdd/FIFO_XADCdma/sdk7/design_1_wrapper_hw_platform_0/design_1_wrapper.bit"
14:35:07 INFO  : Disconnected from the channel tcfchan#19.
14:35:08 INFO  : 'targets -set -filter {jtag_cable_name =~ "Xilinx PYNQ-Z1 003017AD402DA" && level==0} -index 1' command is executed.
14:35:08 INFO  : 'fpga -state' command is executed.
14:35:08 INFO  : Connected to target on host '127.0.0.1' and port '3121'.
14:35:09 INFO  : Jtag cable 'Xilinx PYNQ-Z1 003017AD402DA' is selected.
14:35:09 INFO  : 'jtag frequency' command is executed.
14:35:09 INFO  : Sourcing of '/media/hdd/FIFO_XADCdma/sdk7/design_1_wrapper_hw_platform_0/ps7_init.tcl' is done.
14:35:09 INFO  : Context for 'APU' is selected.
14:35:10 INFO  : Hardware design information is loaded from '/media/hdd/FIFO_XADCdma/sdk7/design_1_wrapper_hw_platform_0/system.hdf'.
14:35:10 INFO  : 'configparams force-mem-access 1' command is executed.
14:35:10 INFO  : Context for 'APU' is selected.
14:35:10 INFO  : 'stop' command is executed.
14:35:11 INFO  : 'ps7_init' command is executed.
14:35:11 INFO  : 'ps7_post_config' command is executed.
14:35:11 INFO  : Context for processor 'ps7_cortexa9_0' is selected.
14:35:11 INFO  : Processor reset is completed for 'ps7_cortexa9_0'.
14:35:11 INFO  : Context for processor 'ps7_cortexa9_0' is selected.
14:35:11 INFO  : The application '/media/hdd/FIFO_XADCdma/sdk7/xadc_test/Debug/xadc_test.elf' is downloaded to processor 'ps7_cortexa9_0'.
14:35:11 INFO  : 'configparams force-mem-access 0' command is executed.
14:35:11 INFO  : ----------------XSDB Script----------------
connect -url tcp:127.0.0.1:3121
source /media/hdd/FIFO_XADCdma/sdk7/design_1_wrapper_hw_platform_0/ps7_init.tcl
targets -set -nocase -filter {name =~"APU*" && jtag_cable_name =~ "Xilinx PYNQ-Z1 003017AD402DA"} -index 0
loadhw -hw /media/hdd/FIFO_XADCdma/sdk7/design_1_wrapper_hw_platform_0/system.hdf -mem-ranges [list {0x40000000 0xbfffffff}]
configparams force-mem-access 1
targets -set -nocase -filter {name =~"APU*" && jtag_cable_name =~ "Xilinx PYNQ-Z1 003017AD402DA"} -index 0
stop
ps7_init
ps7_post_config
targets -set -nocase -filter {name =~ "ARM*#0" && jtag_cable_name =~ "Xilinx PYNQ-Z1 003017AD402DA"} -index 0
rst -processor
targets -set -nocase -filter {name =~ "ARM*#0" && jtag_cable_name =~ "Xilinx PYNQ-Z1 003017AD402DA"} -index 0
dow /media/hdd/FIFO_XADCdma/sdk7/xadc_test/Debug/xadc_test.elf
configparams force-mem-access 0
----------------End of Script----------------

14:35:11 INFO  : Memory regions updated for context APU
14:35:11 INFO  : Context for processor 'ps7_cortexa9_0' is selected.
14:35:11 INFO  : 'con' command is executed.
14:35:11 INFO  : ----------------XSDB Script (After Launch)----------------
targets -set -nocase -filter {name =~ "ARM*#0" && jtag_cable_name =~ "Xilinx PYNQ-Z1 003017AD402DA"} -index 0
con
----------------End of Script----------------

14:35:11 INFO  : Launch script is exported to file '/media/hdd/FIFO_XADCdma/sdk7/.sdk/launch_scripts/xilinx_c-c++_application_(system_debugger)/system_debugger_using_debug_xadc_test.elf_on_local.tcl'
14:43:40 INFO  : Disconnected from the channel tcfchan#20.
14:43:41 INFO  : 'targets -set -filter {jtag_cable_name =~ "Xilinx PYNQ-Z1 003017AD402DA" && level==0} -index 1' command is executed.
14:43:41 INFO  : 'fpga -state' command is executed.
14:43:41 INFO  : Connected to target on host '127.0.0.1' and port '3121'.
14:43:42 INFO  : Jtag cable 'Xilinx PYNQ-Z1 003017AD402DA' is selected.
14:43:42 INFO  : 'jtag frequency' command is executed.
14:43:42 INFO  : Sourcing of '/media/hdd/FIFO_XADCdma/sdk7/design_1_wrapper_hw_platform_0/ps7_init.tcl' is done.
14:43:42 INFO  : Context for 'APU' is selected.
14:43:43 INFO  : Hardware design information is loaded from '/media/hdd/FIFO_XADCdma/sdk7/design_1_wrapper_hw_platform_0/system.hdf'.
14:43:43 INFO  : 'configparams force-mem-access 1' command is executed.
14:43:43 INFO  : Context for 'APU' is selected.
14:43:43 INFO  : 'stop' command is executed.
14:43:44 INFO  : 'ps7_init' command is executed.
14:43:44 INFO  : 'ps7_post_config' command is executed.
14:43:44 INFO  : Context for processor 'ps7_cortexa9_0' is selected.
14:43:44 INFO  : Processor reset is completed for 'ps7_cortexa9_0'.
14:43:44 INFO  : Context for processor 'ps7_cortexa9_0' is selected.
14:43:44 INFO  : The application '/media/hdd/FIFO_XADCdma/sdk7/xadc_test/Debug/xadc_test.elf' is downloaded to processor 'ps7_cortexa9_0'.
14:43:44 INFO  : 'configparams force-mem-access 0' command is executed.
14:43:44 INFO  : ----------------XSDB Script----------------
connect -url tcp:127.0.0.1:3121
source /media/hdd/FIFO_XADCdma/sdk7/design_1_wrapper_hw_platform_0/ps7_init.tcl
targets -set -nocase -filter {name =~"APU*" && jtag_cable_name =~ "Xilinx PYNQ-Z1 003017AD402DA"} -index 0
loadhw -hw /media/hdd/FIFO_XADCdma/sdk7/design_1_wrapper_hw_platform_0/system.hdf -mem-ranges [list {0x40000000 0xbfffffff}]
configparams force-mem-access 1
targets -set -nocase -filter {name =~"APU*" && jtag_cable_name =~ "Xilinx PYNQ-Z1 003017AD402DA"} -index 0
stop
ps7_init
ps7_post_config
targets -set -nocase -filter {name =~ "ARM*#0" && jtag_cable_name =~ "Xilinx PYNQ-Z1 003017AD402DA"} -index 0
rst -processor
targets -set -nocase -filter {name =~ "ARM*#0" && jtag_cable_name =~ "Xilinx PYNQ-Z1 003017AD402DA"} -index 0
dow /media/hdd/FIFO_XADCdma/sdk7/xadc_test/Debug/xadc_test.elf
configparams force-mem-access 0
----------------End of Script----------------

14:43:44 INFO  : Memory regions updated for context APU
14:43:44 INFO  : Context for processor 'ps7_cortexa9_0' is selected.
14:43:44 INFO  : 'con' command is executed.
14:43:44 INFO  : ----------------XSDB Script (After Launch)----------------
targets -set -nocase -filter {name =~ "ARM*#0" && jtag_cable_name =~ "Xilinx PYNQ-Z1 003017AD402DA"} -index 0
con
----------------End of Script----------------

14:43:44 INFO  : Launch script is exported to file '/media/hdd/FIFO_XADCdma/sdk7/.sdk/launch_scripts/xilinx_c-c++_application_(system_debugger)/system_debugger_using_debug_xadc_test.elf_on_local.tcl'
17:15:59 INFO  : Disconnected from the channel tcfchan#21.
17:31:05 INFO  : Registering command handlers for SDK TCF services
17:31:07 INFO  : Launching XSCT server: xsct -n -interactive /media/hdd/XADCdma_FIFO/sdk/temp_xsdb_launch_script.tcl
17:31:09 INFO  : XSCT server has started successfully.
17:31:09 INFO  : Successfully done setting XSCT server connection channel  
17:31:09 INFO  : Successfully done setting SDK workspace  
17:31:09 INFO  : Processing command line option -hwspec /media/hdd/XADCdma_FIFO/sdk/design_1_wrapper.hdf.
17:31:33 INFO  : Connected to target on host '127.0.0.1' and port '3121'.
17:31:33 INFO  : 'targets -set -filter {jtag_cable_name =~ "Xilinx PYNQ-Z1 003017AD402DA" && level==0} -index 1' command is executed.
17:31:35 INFO  : FPGA configured successfully with bitstream "/media/hdd/XADCdma_FIFO/sdk/design_1_wrapper_hw_platform_0/design_1_wrapper.bit"
17:31:44 INFO  : 'targets -set -filter {jtag_cable_name =~ "Xilinx PYNQ-Z1 003017AD402DA" && level==0} -index 1' command is executed.
17:31:44 INFO  : 'fpga -state' command is executed.
17:31:44 INFO  : Connected to target on host '127.0.0.1' and port '3121'.
17:31:44 INFO  : Jtag cable 'Xilinx PYNQ-Z1 003017AD402DA' is selected.
17:31:44 INFO  : 'jtag frequency' command is executed.
17:31:44 INFO  : Sourcing of '/media/hdd/XADCdma_FIFO/sdk/design_1_wrapper_hw_platform_0/ps7_init.tcl' is done.
17:31:44 INFO  : Context for 'APU' is selected.
17:31:44 INFO  : Hardware design information is loaded from '/media/hdd/XADCdma_FIFO/sdk/design_1_wrapper_hw_platform_0/system.hdf'.
17:31:44 INFO  : 'configparams force-mem-access 1' command is executed.
17:31:44 INFO  : Context for 'APU' is selected.
17:31:45 INFO  : 'stop' command is executed.
17:31:45 INFO  : 'ps7_init' command is executed.
17:31:45 INFO  : 'ps7_post_config' command is executed.
17:31:45 INFO  : Context for processor 'ps7_cortexa9_0' is selected.
17:31:45 INFO  : Processor reset is completed for 'ps7_cortexa9_0'.
17:31:45 INFO  : Context for processor 'ps7_cortexa9_0' is selected.
17:31:45 INFO  : The application '/media/hdd/XADCdma_FIFO/sdk/xadc_test/Debug/xadc_test.elf' is downloaded to processor 'ps7_cortexa9_0'.
17:31:45 INFO  : 'configparams force-mem-access 0' command is executed.
17:31:45 INFO  : ----------------XSDB Script----------------
connect -url tcp:127.0.0.1:3121
source /media/hdd/XADCdma_FIFO/sdk/design_1_wrapper_hw_platform_0/ps7_init.tcl
targets -set -nocase -filter {name =~"APU*" && jtag_cable_name =~ "Xilinx PYNQ-Z1 003017AD402DA"} -index 0
loadhw -hw /media/hdd/XADCdma_FIFO/sdk/design_1_wrapper_hw_platform_0/system.hdf -mem-ranges [list {0x40000000 0xbfffffff}]
configparams force-mem-access 1
targets -set -nocase -filter {name =~"APU*" && jtag_cable_name =~ "Xilinx PYNQ-Z1 003017AD402DA"} -index 0
stop
ps7_init
ps7_post_config
targets -set -nocase -filter {name =~ "ARM*#0" && jtag_cable_name =~ "Xilinx PYNQ-Z1 003017AD402DA"} -index 0
rst -processor
targets -set -nocase -filter {name =~ "ARM*#0" && jtag_cable_name =~ "Xilinx PYNQ-Z1 003017AD402DA"} -index 0
dow /media/hdd/XADCdma_FIFO/sdk/xadc_test/Debug/xadc_test.elf
configparams force-mem-access 0
----------------End of Script----------------

17:31:45 INFO  : Memory regions updated for context APU
17:31:45 INFO  : Context for processor 'ps7_cortexa9_0' is selected.
17:31:45 INFO  : 'con' command is executed.
17:31:45 INFO  : ----------------XSDB Script (After Launch)----------------
targets -set -nocase -filter {name =~ "ARM*#0" && jtag_cable_name =~ "Xilinx PYNQ-Z1 003017AD402DA"} -index 0
con
----------------End of Script----------------

17:31:45 INFO  : Launch script is exported to file '/media/hdd/XADCdma_FIFO/sdk/.sdk/launch_scripts/xilinx_c-c++_application_(system_debugger)/system_debugger_using_debug_xadc_test.elf_on_local.tcl'
17:33:13 INFO  : Disconnected from the channel tcfchan#1.
17:33:14 INFO  : 'targets -set -filter {jtag_cable_name =~ "Xilinx PYNQ-Z1 003017AD402DA" && level==0} -index 1' command is executed.
17:33:14 INFO  : 'fpga -state' command is executed.
17:33:14 INFO  : Connected to target on host '127.0.0.1' and port '3121'.
17:33:15 INFO  : Jtag cable 'Xilinx PYNQ-Z1 003017AD402DA' is selected.
17:33:15 INFO  : 'jtag frequency' command is executed.
17:33:15 INFO  : Sourcing of '/media/hdd/XADCdma_FIFO/sdk/design_1_wrapper_hw_platform_0/ps7_init.tcl' is done.
17:33:15 INFO  : Context for 'APU' is selected.
17:33:16 INFO  : Hardware design information is loaded from '/media/hdd/XADCdma_FIFO/sdk/design_1_wrapper_hw_platform_0/system.hdf'.
17:33:16 INFO  : 'configparams force-mem-access 1' command is executed.
17:33:16 INFO  : Context for 'APU' is selected.
17:33:16 INFO  : 'stop' command is executed.
17:33:16 INFO  : 'ps7_init' command is executed.
17:33:17 INFO  : 'ps7_post_config' command is executed.
17:33:17 INFO  : Context for processor 'ps7_cortexa9_0' is selected.
17:33:17 INFO  : Processor reset is completed for 'ps7_cortexa9_0'.
17:33:17 INFO  : Context for processor 'ps7_cortexa9_0' is selected.
17:33:17 INFO  : The application '/media/hdd/XADCdma_FIFO/sdk/xadc_test/Debug/xadc_test.elf' is downloaded to processor 'ps7_cortexa9_0'.
17:33:17 INFO  : 'configparams force-mem-access 0' command is executed.
17:33:17 INFO  : ----------------XSDB Script----------------
connect -url tcp:127.0.0.1:3121
source /media/hdd/XADCdma_FIFO/sdk/design_1_wrapper_hw_platform_0/ps7_init.tcl
targets -set -nocase -filter {name =~"APU*" && jtag_cable_name =~ "Xilinx PYNQ-Z1 003017AD402DA"} -index 0
loadhw -hw /media/hdd/XADCdma_FIFO/sdk/design_1_wrapper_hw_platform_0/system.hdf -mem-ranges [list {0x40000000 0xbfffffff}]
configparams force-mem-access 1
targets -set -nocase -filter {name =~"APU*" && jtag_cable_name =~ "Xilinx PYNQ-Z1 003017AD402DA"} -index 0
stop
ps7_init
ps7_post_config
targets -set -nocase -filter {name =~ "ARM*#0" && jtag_cable_name =~ "Xilinx PYNQ-Z1 003017AD402DA"} -index 0
rst -processor
targets -set -nocase -filter {name =~ "ARM*#0" && jtag_cable_name =~ "Xilinx PYNQ-Z1 003017AD402DA"} -index 0
dow /media/hdd/XADCdma_FIFO/sdk/xadc_test/Debug/xadc_test.elf
configparams force-mem-access 0
----------------End of Script----------------

17:33:17 INFO  : Memory regions updated for context APU
17:33:17 INFO  : Context for processor 'ps7_cortexa9_0' is selected.
17:33:17 INFO  : 'con' command is executed.
17:33:17 INFO  : ----------------XSDB Script (After Launch)----------------
targets -set -nocase -filter {name =~ "ARM*#0" && jtag_cable_name =~ "Xilinx PYNQ-Z1 003017AD402DA"} -index 0
con
----------------End of Script----------------

17:33:17 INFO  : Launch script is exported to file '/media/hdd/XADCdma_FIFO/sdk/.sdk/launch_scripts/xilinx_c-c++_application_(system_debugger)/system_debugger_using_debug_xadc_test.elf_on_local.tcl'
17:33:36 INFO  : Disconnected from the channel tcfchan#2.
17:33:37 INFO  : 'targets -set -filter {jtag_cable_name =~ "Xilinx PYNQ-Z1 003017AD402DA" && level==0} -index 1' command is executed.
17:33:37 INFO  : 'fpga -state' command is executed.
17:33:37 INFO  : Connected to target on host '127.0.0.1' and port '3121'.
17:33:38 INFO  : Jtag cable 'Xilinx PYNQ-Z1 003017AD402DA' is selected.
17:33:38 INFO  : 'jtag frequency' command is executed.
17:33:38 INFO  : Sourcing of '/media/hdd/XADCdma_FIFO/sdk/design_1_wrapper_hw_platform_0/ps7_init.tcl' is done.
17:33:38 INFO  : Context for 'APU' is selected.
17:33:38 INFO  : Hardware design information is loaded from '/media/hdd/XADCdma_FIFO/sdk/design_1_wrapper_hw_platform_0/system.hdf'.
17:33:38 INFO  : 'configparams force-mem-access 1' command is executed.
17:33:38 INFO  : Context for 'APU' is selected.
17:33:38 INFO  : 'stop' command is executed.
17:33:38 INFO  : 'ps7_init' command is executed.
17:33:38 INFO  : 'ps7_post_config' command is executed.
17:33:38 INFO  : Context for processor 'ps7_cortexa9_0' is selected.
17:33:38 INFO  : Processor reset is completed for 'ps7_cortexa9_0'.
17:33:38 INFO  : Context for processor 'ps7_cortexa9_0' is selected.
17:33:38 INFO  : The application '/media/hdd/XADCdma_FIFO/sdk/xadc_test/Debug/xadc_test.elf' is downloaded to processor 'ps7_cortexa9_0'.
17:33:38 INFO  : 'configparams force-mem-access 0' command is executed.
17:33:38 INFO  : ----------------XSDB Script----------------
connect -url tcp:127.0.0.1:3121
source /media/hdd/XADCdma_FIFO/sdk/design_1_wrapper_hw_platform_0/ps7_init.tcl
targets -set -nocase -filter {name =~"APU*" && jtag_cable_name =~ "Xilinx PYNQ-Z1 003017AD402DA"} -index 0
loadhw -hw /media/hdd/XADCdma_FIFO/sdk/design_1_wrapper_hw_platform_0/system.hdf -mem-ranges [list {0x40000000 0xbfffffff}]
configparams force-mem-access 1
targets -set -nocase -filter {name =~"APU*" && jtag_cable_name =~ "Xilinx PYNQ-Z1 003017AD402DA"} -index 0
stop
ps7_init
ps7_post_config
targets -set -nocase -filter {name =~ "ARM*#0" && jtag_cable_name =~ "Xilinx PYNQ-Z1 003017AD402DA"} -index 0
rst -processor
targets -set -nocase -filter {name =~ "ARM*#0" && jtag_cable_name =~ "Xilinx PYNQ-Z1 003017AD402DA"} -index 0
dow /media/hdd/XADCdma_FIFO/sdk/xadc_test/Debug/xadc_test.elf
configparams force-mem-access 0
----------------End of Script----------------

17:33:38 INFO  : Memory regions updated for context APU
17:33:39 INFO  : Context for processor 'ps7_cortexa9_0' is selected.
17:33:39 INFO  : 'con' command is executed.
17:33:39 INFO  : ----------------XSDB Script (After Launch)----------------
targets -set -nocase -filter {name =~ "ARM*#0" && jtag_cable_name =~ "Xilinx PYNQ-Z1 003017AD402DA"} -index 0
con
----------------End of Script----------------

17:33:39 INFO  : Launch script is exported to file '/media/hdd/XADCdma_FIFO/sdk/.sdk/launch_scripts/xilinx_c-c++_application_(system_debugger)/system_debugger_using_debug_xadc_test.elf_on_local.tcl'
17:34:06 INFO  : Disconnected from the channel tcfchan#3.
