#-----------------------------------------------------------
# Vivado v2018.3 (64-bit)
# SW Build 2405991 on Thu Dec  6 23:36:41 MST 2018
# IP Build 2404404 on Fri Dec  7 01:43:56 MST 2018
# Start of session at: Mon Jul 13 17:29:56 2020
# Process ID: 17995
# Current directory: /media/hdd/XADCdma_FIFO/vivado
# Command line: vivado
# Log file: /media/hdd/XADCdma_FIFO/vivado/vivado.log
# Journal file: /media/hdd/XADCdma_FIFO/vivado/vivado.jou
#-----------------------------------------------------------
start_gui
open_project /media/hdd/XADCdma_FIFO/vivado/test_xadc_fifo/test_xadc_at.xpr
INFO: [Project 1-313] Project file moved from '/media/hdd/FIFO_XADCdma/vivado/test_xadc_EV' since last save.
Scanning sources...
Finished scanning sources
INFO: [IP_Flow 19-234] Refreshing IP repositories
INFO: [IP_Flow 19-1700] Loaded user IP repository '/media/hdd/XADCdma_FIFO/myip/tlast_generator_1.0'.
WARNING: [IP_Flow 19-2207] Repository '/media/hdd/XADCdma_FIFO/myip/tlast_generator_1.0' already exists; ignoring attempt to add it again.
INFO: [IP_Flow 19-1700] Loaded user IP repository '/media/hdd/XADCdma_FIFO/myip/tlast_generator_1.0'.
INFO: [IP_Flow 19-2313] Loaded Vivado IP repository '/home/lalith/Xilinx18/Vivado/2018.3/data/ip'.
open_project: Time (s): cpu = 00:00:14 ; elapsed = 00:00:08 . Memory (MB): peak = 6447.957 ; gain = 138.988 ; free physical = 2361 ; free virtual = 27848
update_compile_order -fileset sources_1
launch_sdk -workspace /media/hdd/XADCdma_FIFO/sdk -hwspec /media/hdd/XADCdma_FIFO/sdk/design_1_wrapper.hdf
INFO: [Vivado 12-393] Launching SDK...
INFO: [Vivado 12-417] Running xsdk -workspace /media/hdd/XADCdma_FIFO/sdk -hwspec /media/hdd/XADCdma_FIFO/sdk/design_1_wrapper.hdf
INFO: [Vivado 12-3157] SDK launch initiated. Please check console for any further messages.
exit
INFO: [Common 17-206] Exiting Vivado at Mon Jul 13 17:34:13 2020...
